#
# There is insufficient memory for the Java Runtime Environment to continue.
# Native memory allocation (malloc) failed to allocate 2057104 bytes for Chunk::new
# Possible reasons:
#   The system is out of physical RAM or swap space
#   The process is running with CompressedOops enabled, and the Java Heap may be blocking the growth of the native heap
# Possible solutions:
#   Reduce memory load on the system
#   Increase physical memory or swap space
#   Check if swap backing store is full
#   Decrease Java heap size (-Xmx/-Xms)
#   Decrease number of Java threads
#   Decrease Java thread stack sizes (-Xss)
#   Set larger code cache with -XX:ReservedCodeCacheSize=
#   JVM is running with Unscaled Compressed Oops mode in which the Java heap is
#     placed in the first 4GB address space. The Java Heap base address is the
#     maximum limit for the native heap growth. Please use -XX:HeapBaseMinAddress
#     to set the Java Heap base and to place the Java Heap above 4GB virtual address.
# This output file may be truncated or incomplete.
#
#  Out of Memory Error (arena.cpp:189), pid=22956, tid=33424
#
# JRE version: OpenJDK Runtime Environment (17.0.2+8) (build 17.0.2+8-86)
# Java VM: OpenJDK 64-Bit Server VM (17.0.2+8-86, mixed mode, sharing, tiered, compressed oops, compressed class ptrs, g1 gc, windows-amd64)
# No core dump will be written. Minidumps are not enabled by default on client versions of Windows
#

---------------  S U M M A R Y ------------

Command Line: --add-opens=java.base/java.util=ALL-UNNAMED --add-opens=java.base/java.lang=ALL-UNNAMED --add-opens=java.base/java.lang.invoke=ALL-UNNAMED --add-opens=java.base/java.util=ALL-UNNAMED --add-opens=java.prefs/java.util.prefs=ALL-UNNAMED --add-opens=java.prefs/java.util.prefs=ALL-UNNAMED --add-opens=java.base/java.nio.charset=ALL-UNNAMED --add-opens=java.base/java.net=ALL-UNNAMED --add-opens=java.base/java.util.concurrent.atomic=ALL-UNNAMED -XX:MaxMetaspaceSize=256m -XX:+HeapDumpOnOutOfMemoryError -Xms256m -Xmx512m -Dfile.encoding=windows-1252 -Duser.country=IN -Duser.language=en -Duser.variant org.gradle.launcher.daemon.bootstrap.GradleDaemon 7.3

Host: Intel(R) Core(TM) i5-10210U CPU @ 1.60GHz, 8 cores, 7G,  Windows 10 , 64 bit Build 19041 (10.0.19041.2788)
Time: Sun Apr 30 22:37:56 2023 India Standard Time elapsed time: 12.145050 seconds (0d 0h 0m 12s)

---------------  T H R E A D  ---------------

Current thread (0x00000258e3132300):  JavaThread "C2 CompilerThread0" daemon [_thread_in_native, id=33424, stack(0x0000008be5800000,0x0000008be5900000)]


Current CompileTask:
C2:  12145 7392       4       org.gradle.api.internal.artifacts.ivyservice.modulecache.ModuleMetadataSerializer$Reader::readMavenDependency (142 bytes)

Stack: [0x0000008be5800000,0x0000008be5900000]
Native frames: (J=compiled Java code, j=interpreted, Vv=VM code, C=native code)
V  [jvm.dll+0x670baa]
V  [jvm.dll+0x7cfcb4]
V  [jvm.dll+0x7d145e]
V  [jvm.dll+0x7d1ac3]
V  [jvm.dll+0x242bc5]
V  [jvm.dll+0xaa57b]
V  [jvm.dll+0xaab0c]
V  [jvm.dll+0x35fd07]
V  [jvm.dll+0x32a331]
V  [jvm.dll+0x3297da]
V  [jvm.dll+0x215c91]
V  [jvm.dll+0x2150b1]
V  [jvm.dll+0x1a1bbd]
V  [jvm.dll+0x224908]
V  [jvm.dll+0x222a6c]
V  [jvm.dll+0x7859bb]
V  [jvm.dll+0x77ff7a]
V  [jvm.dll+0x66fa35]
C  [ucrtbase.dll+0x21bb2]
C  [KERNEL32.DLL+0x17604]
C  [ntdll.dll+0x526a1]


---------------  P R O C E S S  ---------------

Threads class SMR info:
_java_thread_list=0x00000258e5932ff0, length=126, elements={
0x00000258c69318e0, 0x00000258e310ddb0, 0x00000258e310eb30, 0x00000258e312b5b0,
0x00000258e312cfe0, 0x00000258e312d8a0, 0x00000258e3131660, 0x00000258e3132300,
0x00000258e3132cb0, 0x00000258e3143d70, 0x00000258e3cd9c70, 0x00000258e3cdcfa0,
0x00000258e5f45b80, 0x00000258e4cb0fd0, 0x00000258e4cafc90, 0x00000258e4cb0630,
0x00000258e4cb0160, 0x00000258e4caf7c0, 0x00000258e4cb0b00, 0x00000258e58f2fe0,
0x00000258e58f0960, 0x00000258e58f5b30, 0x00000258e58f6000, 0x00000258e58f69a0,
0x00000258e58f34b0, 0x00000258e58f47f0, 0x00000258e58f6e70, 0x00000258e58f7340,
0x00000258e58f7810, 0x00000258e58f2640, 0x00000258e58f5190, 0x00000258e58effc0,
0x00000258e58f0490, 0x00000258e58f0e30, 0x00000258e58f1300, 0x00000258e58f17d0,
0x00000258e58f5660, 0x00000258e58f64d0, 0x00000258e58f2170, 0x00000258e58f2b10,
0x00000258e58f3e50, 0x00000258e47e73e0, 0x00000258e47e9a60, 0x00000258e47e90c0,
0x00000258e47e9f30, 0x00000258e47ea400, 0x00000258e47eada0, 0x00000258e47e60a0,
0x00000258e47ebc10, 0x00000258e47e6570, 0x00000258e47e78b0, 0x00000258e47e5bd0,
0x00000258e47eca80, 0x00000258e47e8720, 0x00000258e47ecf50, 0x00000258e47e8bf0,
0x00000258e47e9590, 0x00000258e47ec0e0, 0x00000258e47ed420, 0x00000258e47e6a40,
0x00000258e47e6f10, 0x00000258e47e7d80, 0x00000258e9a05bb0, 0x00000258e9a03060,
0x00000258e9a04870, 0x00000258e9a05210, 0x00000258e9a08bd0, 0x00000258e9a06080,
0x00000258e9a07d60, 0x00000258e9a06550, 0x00000258e9a06a20, 0x00000258e9a08230,
0x00000258e9a056e0, 0x00000258e9a03530, 0x00000258e9a09570, 0x00000258e9a04d40,
0x00000258e9a06ef0, 0x00000258e9a073c0, 0x00000258e9a07890, 0x00000258e9a0a8b0,
0x00000258e9a08700, 0x00000258e9a090a0, 0x00000258e9a09a40, 0x00000258e9a03a00,
0x00000258e9a043a0, 0x00000258e9a03ed0, 0x00000258e9a09f10, 0x00000258e9a0a3e0,
0x00000258e7c32a60, 0x00000258e7c30d80, 0x00000258e7c32f30, 0x00000258e7ebd890,
0x00000258e7c31720, 0x00000258e7c368f0, 0x00000258e7c35f50, 0x00000258e7c37760,
0x00000258e7c31bf0, 0x00000258e7c37290, 0x00000258e7c34270, 0x00000258e7c350e0,
0x00000258e7c303e0, 0x00000258e7c32590, 0x00000258e7c355b0, 0x00000258e7c338d0,
0x00000258e7c34740, 0x00000258e7c33da0, 0x00000258e7c34c10, 0x00000258e7c35a80,
0x00000258e7c308b0, 0x00000258e7c36420, 0x00000258e5fc9f70, 0x00000258e5fc78f0,
0x00000258e5fc65b0, 0x00000258e5fc6a80, 0x00000258e5fcade0, 0x00000258e5fcd460,
0x00000258e5fc95d0, 0x00000258e5fcb2b0, 0x00000258e5fc60e0, 0x00000258e5fcd930,
0x00000258e5fc6f50, 0x00000258e5fc8760, 0x00000258e5fc7420, 0x00000258e5fcb780,
0x00000258e5fc9aa0, 0x00000258e5fccac0
}

Java Threads: ( => current thread )
  0x00000258c69318e0 JavaThread "main" [_thread_blocked, id=26216, stack(0x0000008be4b00000,0x0000008be4c00000)]
  0x00000258e310ddb0 JavaThread "Reference Handler" daemon [_thread_blocked, id=8648, stack(0x0000008be5200000,0x0000008be5300000)]
  0x00000258e310eb30 JavaThread "Finalizer" daemon [_thread_blocked, id=12484, stack(0x0000008be5300000,0x0000008be5400000)]
  0x00000258e312b5b0 JavaThread "Signal Dispatcher" daemon [_thread_blocked, id=28056, stack(0x0000008be5400000,0x0000008be5500000)]
  0x00000258e312cfe0 JavaThread "Attach Listener" daemon [_thread_blocked, id=7824, stack(0x0000008be5500000,0x0000008be5600000)]
  0x00000258e312d8a0 JavaThread "Service Thread" daemon [_thread_blocked, id=33800, stack(0x0000008be5600000,0x0000008be5700000)]
  0x00000258e3131660 JavaThread "Monitor Deflation Thread" daemon [_thread_blocked, id=19368, stack(0x0000008be5700000,0x0000008be5800000)]
=>0x00000258e3132300 JavaThread "C2 CompilerThread0" daemon [_thread_in_native, id=33424, stack(0x0000008be5800000,0x0000008be5900000)]
  0x00000258e3132cb0 JavaThread "C1 CompilerThread0" daemon [_thread_in_native_trans, id=28660, stack(0x0000008be5900000,0x0000008be5a00000)]
  0x00000258e3143d70 JavaThread "Sweeper thread" daemon [_thread_blocked, id=34244, stack(0x0000008be5a00000,0x0000008be5b00000)]
  0x00000258e3cd9c70 JavaThread "Common-Cleaner" daemon [_thread_blocked, id=34764, stack(0x0000008be5b00000,0x0000008be5c00000)]
  0x00000258e3cdcfa0 JavaThread "Notification Thread" daemon [_thread_blocked, id=33236, stack(0x0000008be5c00000,0x0000008be5d00000)]
  0x00000258e5f45b80 JavaThread "Daemon health stats" [_thread_blocked, id=4864, stack(0x0000008be6400000,0x0000008be6500000)]
  0x00000258e4cb0fd0 JavaThread "Incoming local TCP Connector on port 65196" [_thread_in_native, id=33628, stack(0x0000008be6500000,0x0000008be6600000)]
  0x00000258e4cafc90 JavaThread "Daemon periodic checks" [_thread_blocked, id=34444, stack(0x0000008be6600000,0x0000008be6700000)]
  0x00000258e4cb0630 JavaThread "Daemon" [_thread_blocked, id=8968, stack(0x0000008be6700000,0x0000008be6800000)]
  0x00000258e4cb0160 JavaThread "Handler for socket connection from /127.0.0.1:65196 to /127.0.0.1:65197" [_thread_in_native, id=32808, stack(0x0000008be6800000,0x0000008be6900000)]
  0x00000258e4caf7c0 JavaThread "Cancel handler" [_thread_blocked, id=34636, stack(0x0000008be6900000,0x0000008be6a00000)]
  0x00000258e4cb0b00 JavaThread "Daemon worker" [_thread_in_Java, id=840, stack(0x0000008be6a00000,0x0000008be6b00000)]
  0x00000258e58f2fe0 JavaThread "Asynchronous log dispatcher for DefaultDaemonConnection: socket connection from /127.0.0.1:65196 to /127.0.0.1:65197" [_thread_blocked, id=30428, stack(0x0000008be6b00000,0x0000008be6c00000)]
  0x00000258e58f0960 JavaThread "Stdin handler" [_thread_blocked, id=13448, stack(0x0000008be6c00000,0x0000008be6d00000)]
  0x00000258e58f5b30 JavaThread "Daemon client event forwarder" [_thread_blocked, id=3484, stack(0x0000008be6d00000,0x0000008be6e00000)]
  0x00000258e58f6000 JavaThread "Cache worker for journal cache (C:\Users\sai teja\.gradle\caches\journal-1)" [_thread_blocked, id=31480, stack(0x0000008be5e00000,0x0000008be5f00000)]
  0x00000258e58f69a0 JavaThread "File lock request listener" [_thread_in_native, id=25304, stack(0x0000008be6e00000,0x0000008be6f00000)]
  0x00000258e58f34b0 JavaThread "Cache worker for file hash cache (C:\Users\sai teja\.gradle\caches\7.3\fileHashes)" [_thread_blocked, id=30000, stack(0x0000008be6f00000,0x0000008be7000000)]
  0x00000258e58f47f0 JavaThread "Cache worker for file hash cache (D:\skeleton\Rlm-cucumber\.gradle\7.3\fileHashes)" [_thread_blocked, id=20676, stack(0x0000008be7100000,0x0000008be7200000)]
  0x00000258e58f6e70 JavaThread "File watcher server" daemon [_thread_in_native, id=29024, stack(0x0000008be7200000,0x0000008be7300000)]
  0x00000258e58f7340 JavaThread "File watcher consumer" daemon [_thread_blocked, id=29956, stack(0x0000008be7300000,0x0000008be7400000)]
  0x00000258e58f7810 JavaThread "jar transforms" [_thread_blocked, id=31580, stack(0x0000008be7400000,0x0000008be7500000)]
  0x00000258e58f2640 JavaThread "jar transforms Thread 2" [_thread_blocked, id=13908, stack(0x0000008be7500000,0x0000008be7600000)]
  0x00000258e58f5190 JavaThread "jar transforms Thread 3" [_thread_blocked, id=29048, stack(0x0000008be7600000,0x0000008be7700000)]
  0x00000258e58effc0 JavaThread "jar transforms Thread 4" [_thread_blocked, id=21416, stack(0x0000008be7700000,0x0000008be7800000)]
  0x00000258e58f0490 JavaThread "jar transforms Thread 5" [_thread_blocked, id=34016, stack(0x0000008be7800000,0x0000008be7900000)]
  0x00000258e58f0e30 JavaThread "jar transforms Thread 6" [_thread_blocked, id=34468, stack(0x0000008be7900000,0x0000008be7a00000)]
  0x00000258e58f1300 JavaThread "jar transforms Thread 7" [_thread_blocked, id=23268, stack(0x0000008be7a00000,0x0000008be7b00000)]
  0x00000258e58f17d0 JavaThread "jar transforms Thread 8" [_thread_blocked, id=25752, stack(0x0000008be7b00000,0x0000008be7c00000)]
  0x00000258e58f5660 JavaThread "Cache worker for checksums cache (D:\skeleton\Rlm-cucumber\.gradle\7.3\checksums)" [_thread_blocked, id=27740, stack(0x0000008be7c00000,0x0000008be7d00000)]
  0x00000258e58f64d0 JavaThread "Cache worker for cache directory md-supplier (C:\Users\sai teja\.gradle\caches\7.3\md-supplier)" [_thread_blocked, id=31572, stack(0x0000008be7d00000,0x0000008be7e00000)]
  0x00000258e58f2170 JavaThread "Cache worker for cache directory md-rule (C:\Users\sai teja\.gradle\caches\7.3\md-rule)" [_thread_blocked, id=16692, stack(0x0000008be8100000,0x0000008be8200000)]
  0x00000258e58f2b10 JavaThread "Cache worker for execution history cache (C:\Users\sai teja\.gradle\caches\7.3\executionHistory)" [_thread_blocked, id=25760, stack(0x0000008be8200000,0x0000008be8300000)]
  0x00000258e58f3e50 JavaThread "Cache worker for file content cache (C:\Users\sai teja\.gradle\caches\7.3\fileContent)" [_thread_blocked, id=34500, stack(0x0000008be8300000,0x0000008be8400000)]
  0x00000258e47e73e0 JavaThread "Cache worker for dependencies-accessors (D:\skeleton\Rlm-cucumber\.gradle\7.3\dependencies-accessors)" [_thread_blocked, id=29752, stack(0x0000008be8400000,0x0000008be8500000)]
  0x00000258e47e9a60 JavaThread "Cache worker for Build Output Cleanup Cache (D:\skeleton\Rlm-cucumber\.gradle\buildOutputCleanup)" [_thread_blocked, id=20920, stack(0x0000008be8500000,0x0000008be8600000)]
  0x00000258e47e90c0 JavaThread "Unconstrained build operations" [_thread_blocked, id=16884, stack(0x0000008be8600000,0x0000008be8700000)]
  0x00000258e47e9f30 JavaThread "Unconstrained build operations Thread 2" [_thread_blocked, id=34420, stack(0x0000008be8700000,0x0000008be8800000)]
  0x00000258e47ea400 JavaThread "Unconstrained build operations Thread 3" [_thread_blocked, id=1468, stack(0x0000008be8800000,0x0000008be8900000)]
  0x00000258e47eada0 JavaThread "Unconstrained build operations Thread 4" [_thread_blocked, id=14128, stack(0x0000008be8900000,0x0000008be8a00000)]
  0x00000258e47e60a0 JavaThread "Unconstrained build operations Thread 5" [_thread_blocked, id=20232, stack(0x0000008be8a00000,0x0000008be8b00000)]
  0x00000258e47ebc10 JavaThread "Unconstrained build operations Thread 6" [_thread_blocked, id=18752, stack(0x0000008be8b00000,0x0000008be8c00000)]
  0x00000258e47e6570 JavaThread "Unconstrained build operations Thread 7" [_thread_blocked, id=30700, stack(0x0000008be8c00000,0x0000008be8d00000)]
  0x00000258e47e78b0 JavaThread "Unconstrained build operations Thread 8" [_thread_blocked, id=13576, stack(0x0000008be8d00000,0x0000008be8e00000)]
  0x00000258e47e5bd0 JavaThread "Unconstrained build operations Thread 9" [_thread_blocked, id=13916, stack(0x0000008be8e00000,0x0000008be8f00000)]
  0x00000258e47eca80 JavaThread "Unconstrained build operations Thread 10" [_thread_blocked, id=7400, stack(0x0000008be8f00000,0x0000008be9000000)]
  0x00000258e47e8720 JavaThread "Unconstrained build operations Thread 11" [_thread_blocked, id=17232, stack(0x0000008be9000000,0x0000008be9100000)]
  0x00000258e47ecf50 JavaThread "Unconstrained build operations Thread 12" [_thread_blocked, id=33840, stack(0x0000008be9100000,0x0000008be9200000)]
  0x00000258e47e8bf0 JavaThread "Unconstrained build operations Thread 13" [_thread_blocked, id=23652, stack(0x0000008be9200000,0x0000008be9300000)]
  0x00000258e47e9590 JavaThread "Unconstrained build operations Thread 14" [_thread_blocked, id=34660, stack(0x0000008be9300000,0x0000008be9400000)]
  0x00000258e47ec0e0 JavaThread "Unconstrained build operations Thread 15" [_thread_blocked, id=34336, stack(0x0000008be9400000,0x0000008be9500000)]
  0x00000258e47ed420 JavaThread "Unconstrained build operations Thread 16" [_thread_blocked, id=33428, stack(0x0000008be9500000,0x0000008be9600000)]
  0x00000258e47e6a40 JavaThread "Unconstrained build operations Thread 17" [_thread_blocked, id=23964, stack(0x0000008be9600000,0x0000008be9700000)]
  0x00000258e47e6f10 JavaThread "Unconstrained build operations Thread 18" [_thread_blocked, id=29288, stack(0x0000008be9700000,0x0000008be9800000)]
  0x00000258e47e7d80 JavaThread "Unconstrained build operations Thread 19" [_thread_blocked, id=10580, stack(0x0000008be9800000,0x0000008be9900000)]
  0x00000258e9a05bb0 JavaThread "Unconstrained build operations Thread 20" [_thread_blocked, id=13568, stack(0x0000008be9900000,0x0000008be9a00000)]
  0x00000258e9a03060 JavaThread "Unconstrained build operations Thread 21" [_thread_blocked, id=29480, stack(0x0000008be9a00000,0x0000008be9b00000)]
  0x00000258e9a04870 JavaThread "Unconstrained build operations Thread 22" [_thread_blocked, id=34324, stack(0x0000008be9b00000,0x0000008be9c00000)]
  0x00000258e9a05210 JavaThread "Unconstrained build operations Thread 23" [_thread_blocked, id=27980, stack(0x0000008be9c00000,0x0000008be9d00000)]
  0x00000258e9a08bd0 JavaThread "Unconstrained build operations Thread 24" [_thread_blocked, id=29412, stack(0x0000008be9d00000,0x0000008be9e00000)]
  0x00000258e9a06080 JavaThread "Unconstrained build operations Thread 25" [_thread_blocked, id=22992, stack(0x0000008be9e00000,0x0000008be9f00000)]
  0x00000258e9a07d60 JavaThread "Unconstrained build operations Thread 26" [_thread_blocked, id=20620, stack(0x0000008be9f00000,0x0000008bea000000)]
  0x00000258e9a06550 JavaThread "Unconstrained build operations Thread 27" [_thread_blocked, id=24524, stack(0x0000008bea000000,0x0000008bea100000)]
  0x00000258e9a06a20 JavaThread "Unconstrained build operations Thread 28" [_thread_blocked, id=5968, stack(0x0000008bea100000,0x0000008bea200000)]
  0x00000258e9a08230 JavaThread "Unconstrained build operations Thread 29" [_thread_blocked, id=4252, stack(0x0000008bea200000,0x0000008bea300000)]
  0x00000258e9a056e0 JavaThread "Unconstrained build operations Thread 30" [_thread_blocked, id=30640, stack(0x0000008bea300000,0x0000008bea400000)]
  0x00000258e9a03530 JavaThread "Unconstrained build operations Thread 31" [_thread_blocked, id=33724, stack(0x0000008bea400000,0x0000008bea500000)]
  0x00000258e9a09570 JavaThread "Unconstrained build operations Thread 32" [_thread_blocked, id=33496, stack(0x0000008bea500000,0x0000008bea600000)]
  0x00000258e9a04d40 JavaThread "Unconstrained build operations Thread 33" [_thread_blocked, id=14552, stack(0x0000008bea600000,0x0000008bea700000)]
  0x00000258e9a06ef0 JavaThread "Unconstrained build operations Thread 34" [_thread_blocked, id=33356, stack(0x0000008bea700000,0x0000008bea800000)]
  0x00000258e9a073c0 JavaThread "Unconstrained build operations Thread 35" [_thread_blocked, id=26568, stack(0x0000008bea800000,0x0000008bea900000)]
  0x00000258e9a07890 JavaThread "Unconstrained build operations Thread 36" [_thread_blocked, id=34156, stack(0x0000008bea900000,0x0000008beaa00000)]
  0x00000258e9a0a8b0 JavaThread "Unconstrained build operations Thread 37" [_thread_blocked, id=9048, stack(0x0000008beaa00000,0x0000008beab00000)]
  0x00000258e9a08700 JavaThread "Unconstrained build operations Thread 38" [_thread_blocked, id=1864, stack(0x0000008beab00000,0x0000008beac00000)]
  0x00000258e9a090a0 JavaThread "Unconstrained build operations Thread 39" [_thread_blocked, id=13508, stack(0x0000008beac00000,0x0000008bead00000)]
  0x00000258e9a09a40 JavaThread "Unconstrained build operations Thread 40" [_thread_blocked, id=33488, stack(0x0000008bead00000,0x0000008beae00000)]
  0x00000258e9a03a00 JavaThread "Unconstrained build operations Thread 41" [_thread_blocked, id=6892, stack(0x0000008beae00000,0x0000008beaf00000)]
  0x00000258e9a043a0 JavaThread "Unconstrained build operations Thread 42" [_thread_blocked, id=31844, stack(0x0000008beaf00000,0x0000008beb000000)]
  0x00000258e9a03ed0 JavaThread "Unconstrained build operations Thread 43" [_thread_blocked, id=25912, stack(0x0000008beb000000,0x0000008beb100000)]
  0x00000258e9a09f10 JavaThread "Unconstrained build operations Thread 44" [_thread_blocked, id=19120, stack(0x0000008beb100000,0x0000008beb200000)]
  0x00000258e9a0a3e0 JavaThread "Unconstrained build operations Thread 45" [_thread_blocked, id=33968, stack(0x0000008beb200000,0x0000008beb300000)]
  0x00000258e7c32a60 JavaThread "Unconstrained build operations Thread 46" [_thread_blocked, id=1308, stack(0x0000008beb300000,0x0000008beb400000)]
  0x00000258e7c30d80 JavaThread "Unconstrained build operations Thread 47" [_thread_blocked, id=34316, stack(0x0000008beb400000,0x0000008beb500000)]
  0x00000258e7c32f30 JavaThread "Unconstrained build operations Thread 48" [_thread_blocked, id=33864, stack(0x0000008beb500000,0x0000008beb600000)]
  0x00000258e7ebd890 JavaThread "C2 CompilerThread1" daemon [_thread_in_native, id=34164, stack(0x0000008be7000000,0x0000008be7100000)]
  0x00000258e7c31720 JavaThread "Memory manager" [_thread_blocked, id=29780, stack(0x0000008beb600000,0x0000008beb700000)]
  0x00000258e7c368f0 JavaThread "Cache worker for execution history cache (D:\skeleton\Rlm-cucumber\.gradle\7.3\executionHistory)" [_thread_blocked, id=33156, stack(0x0000008bec300000,0x0000008bec400000)]
  0x00000258e7c35f50 JavaThread "Unconstrained build operations Thread 49" [_thread_blocked, id=28188, stack(0x0000008bebc00000,0x0000008bebd00000)]
  0x00000258e7c37760 JavaThread "Unconstrained build operations Thread 50" [_thread_blocked, id=33436, stack(0x0000008bebd00000,0x0000008bebe00000)]
  0x00000258e7c31bf0 JavaThread "Unconstrained build operations Thread 51" [_thread_blocked, id=7176, stack(0x0000008bebe00000,0x0000008bebf00000)]
  0x00000258e7c37290 JavaThread "Unconstrained build operations Thread 52" [_thread_blocked, id=34272, stack(0x0000008bebf00000,0x0000008bec000000)]
  0x00000258e7c34270 JavaThread "Unconstrained build operations Thread 53" [_thread_blocked, id=33980, stack(0x0000008bec000000,0x0000008bec100000)]
  0x00000258e7c350e0 JavaThread "Unconstrained build operations Thread 54" [_thread_blocked, id=11664, stack(0x0000008bec100000,0x0000008bec200000)]
  0x00000258e7c303e0 JavaThread "Unconstrained build operations Thread 55" [_thread_blocked, id=33092, stack(0x0000008bec200000,0x0000008bec300000)]
  0x00000258e7c32590 JavaThread "Unconstrained build operations Thread 56" [_thread_blocked, id=34072, stack(0x0000008bec400000,0x0000008bec500000)]
  0x00000258e7c355b0 JavaThread "Unconstrained build operations Thread 57" [_thread_blocked, id=1272, stack(0x0000008bec500000,0x0000008bec600000)]
  0x00000258e7c338d0 JavaThread "Unconstrained build operations Thread 58" [_thread_blocked, id=11748, stack(0x0000008bec600000,0x0000008bec700000)]
  0x00000258e7c34740 JavaThread "Unconstrained build operations Thread 59" [_thread_blocked, id=30848, stack(0x0000008bec700000,0x0000008bec800000)]
  0x00000258e7c33da0 JavaThread "Unconstrained build operations Thread 60" [_thread_blocked, id=31340, stack(0x0000008bec800000,0x0000008bec900000)]
  0x00000258e7c34c10 JavaThread "Unconstrained build operations Thread 61" [_thread_blocked, id=34292, stack(0x0000008bec900000,0x0000008beca00000)]
  0x00000258e7c35a80 JavaThread "Unconstrained build operations Thread 62" [_thread_blocked, id=22376, stack(0x0000008beca00000,0x0000008becb00000)]
  0x00000258e7c308b0 JavaThread "Unconstrained build operations Thread 63" [_thread_blocked, id=4268, stack(0x0000008becb00000,0x0000008becc00000)]
  0x00000258e7c36420 JavaThread "Unconstrained build operations Thread 64" [_thread_blocked, id=12152, stack(0x0000008becc00000,0x0000008becd00000)]
  0x00000258e5fc9f70 JavaThread "Unconstrained build operations Thread 65" [_thread_blocked, id=27160, stack(0x0000008becd00000,0x0000008bece00000)]
  0x00000258e5fc78f0 JavaThread "Unconstrained build operations Thread 66" [_thread_blocked, id=33456, stack(0x0000008bece00000,0x0000008becf00000)]
  0x00000258e5fc65b0 JavaThread "Unconstrained build operations Thread 67" [_thread_blocked, id=30568, stack(0x0000008becf00000,0x0000008bed000000)]
  0x00000258e5fc6a80 JavaThread "Unconstrained build operations Thread 68" [_thread_blocked, id=19184, stack(0x0000008bed000000,0x0000008bed100000)]
  0x00000258e5fcade0 JavaThread "Unconstrained build operations Thread 69" [_thread_blocked, id=34392, stack(0x0000008bed100000,0x0000008bed200000)]
  0x00000258e5fcd460 JavaThread "Unconstrained build operations Thread 70" [_thread_blocked, id=34028, stack(0x0000008bed200000,0x0000008bed300000)]
  0x00000258e5fc95d0 JavaThread "Unconstrained build operations Thread 71" [_thread_blocked, id=32184, stack(0x0000008bed300000,0x0000008bed400000)]
  0x00000258e5fcb2b0 JavaThread "Unconstrained build operations Thread 72" [_thread_blocked, id=12868, stack(0x0000008bed400000,0x0000008bed500000)]
  0x00000258e5fc60e0 JavaThread "Unconstrained build operations Thread 73" [_thread_blocked, id=32968, stack(0x0000008bed500000,0x0000008bed600000)]
  0x00000258e5fcd930 JavaThread "Unconstrained build operations Thread 74" [_thread_blocked, id=32328, stack(0x0000008bed600000,0x0000008bed700000)]
  0x00000258e5fc6f50 JavaThread "Unconstrained build operations Thread 75" [_thread_blocked, id=32280, stack(0x0000008bed700000,0x0000008bed800000)]
  0x00000258e5fc8760 JavaThread "Unconstrained build operations Thread 76" [_thread_blocked, id=29044, stack(0x0000008bed800000,0x0000008bed900000)]
  0x00000258e5fc7420 JavaThread "Unconstrained build operations Thread 77" [_thread_blocked, id=33392, stack(0x0000008bed900000,0x0000008beda00000)]
  0x00000258e5fcb780 JavaThread "Unconstrained build operations Thread 78" [_thread_blocked, id=28388, stack(0x0000008beda00000,0x0000008bedb00000)]
  0x00000258e5fc9aa0 JavaThread "Unconstrained build operations Thread 79" [_thread_blocked, id=28992, stack(0x0000008bedb00000,0x0000008bedc00000)]
  0x00000258e5fccac0 JavaThread "Unconstrained build operations Thread 80" [_thread_blocked, id=31264, stack(0x0000008bedc00000,0x0000008bedd00000)]

Other Threads:
  0x00000258e31055d0 VMThread "VM Thread" [stack: 0x0000008be5100000,0x0000008be5200000] [id=11564]
  0x00000258e3cdf480 WatcherThread [stack: 0x0000008be5d00000,0x0000008be5e00000] [id=13988]
  0x00000258c69593a0 GCTaskThread "GC Thread#0" [stack: 0x0000008be4c00000,0x0000008be4d00000] [id=34716]
  0x00000258e42a41a0 GCTaskThread "GC Thread#1" [stack: 0x0000008be5f00000,0x0000008be6000000] [id=15560]
  0x00000258e4799830 GCTaskThread "GC Thread#2" [stack: 0x0000008be6000000,0x0000008be6100000] [id=33836]
  0x00000258e4799ef0 GCTaskThread "GC Thread#3" [stack: 0x0000008be6100000,0x0000008be6200000] [id=34004]
  0x00000258e49fe1e0 GCTaskThread "GC Thread#4" [stack: 0x0000008be6200000,0x0000008be6300000] [id=12808]
  0x00000258e43dcb50 GCTaskThread "GC Thread#5" [stack: 0x0000008be6300000,0x0000008be6400000] [id=13660]
  0x00000258e6032a90 GCTaskThread "GC Thread#6" [stack: 0x0000008be7e00000,0x0000008be7f00000] [id=32904]
  0x00000258e6032d40 GCTaskThread "GC Thread#7" [stack: 0x0000008be7f00000,0x0000008be8000000] [id=20128]
  0x00000258c695e1f0 ConcurrentGCThread "G1 Main Marker" [stack: 0x0000008be4d00000,0x0000008be4e00000] [id=31016]
  0x00000258c695f2b0 ConcurrentGCThread "G1 Conc#0" [stack: 0x0000008be4e00000,0x0000008be4f00000] [id=16940]
  0x00000258e6032530 ConcurrentGCThread "G1 Conc#1" [stack: 0x0000008be8000000,0x0000008be8100000] [id=16060]
  0x00000258e2fd24c0 ConcurrentGCThread "G1 Refine#0" [stack: 0x0000008be4f00000,0x0000008be5000000] [id=14024]
  0x00000258e9609a60 ConcurrentGCThread "G1 Refine#1" [stack: 0x0000008beb700000,0x0000008beb800000] [id=7200]
  0x00000258e96063c0 ConcurrentGCThread "G1 Refine#2" [stack: 0x0000008beb800000,0x0000008beb900000] [id=31764]
  0x00000258e96066a0 ConcurrentGCThread "G1 Refine#3" [stack: 0x0000008beb900000,0x0000008beba00000] [id=25848]
  0x00000258e96091c0 ConcurrentGCThread "G1 Refine#4" [stack: 0x0000008beba00000,0x0000008bebb00000] [id=30104]
  0x00000258e96077e0 ConcurrentGCThread "G1 Refine#5" [stack: 0x0000008bebb00000,0x0000008bebc00000] [id=29204]
  0x00000258e2fd2df0 ConcurrentGCThread "G1 Service" [stack: 0x0000008be5000000,0x0000008be5100000] [id=2888]

Threads with active compile tasks:
C2 CompilerThread0    12181 7392       4       org.gradle.api.internal.artifacts.ivyservice.modulecache.ModuleMetadataSerializer$Reader::readMavenDependency (142 bytes)

VM state: not at safepoint (normal execution)

VM Mutex/Monitor currently owned by a thread: None

Heap address: 0x00000000e0000000, size: 512 MB, Compressed Oops mode: 32-bit

CDS archive(s) mapped at: [0x0000000800000000-0x0000000800bc0000-0x0000000800bc0000), size 12320768, SharedBaseAddress: 0x0000000800000000, ArchiveRelocationMode: 0.
Compressed class space mapped at: 0x0000000800c00000-0x000000080dc00000, reserved size: 218103808
Narrow klass base: 0x0000000800000000, Narrow klass shift: 0, Narrow klass range: 0x100000000

GC Precious Log:
 CPUs: 8 total, 8 available
 Memory: 8014M
 Large Page Support: Disabled
 NUMA Support: Disabled
 Compressed Oops: Enabled (32-bit)
 Heap Region Size: 1M
 Heap Min Capacity: 256M
 Heap Initial Capacity: 256M
 Heap Max Capacity: 512M
 Pre-touch: Disabled
 Parallel Workers: 8
 Concurrent Workers: 2
 Concurrent Refinement Workers: 8
 Periodic GC: Disabled

Heap:
 garbage-first heap   total 262144K, used 137765K [0x00000000e0000000, 0x0000000100000000)
  region size 1024K, 35 young (35840K), 15 survivors (15360K)
 Metaspace       used 53599K, committed 54208K, reserved 262144K
  class space    used 7364K, committed 7616K, reserved 212992K

Heap Regions: E=young(eden), S=young(survivor), O=old, HS=humongous(starts), HC=humongous(continues), CS=collection set, F=free, OA=open archive, CA=closed archive, TAMS=top-at-mark-start (previous, next)
|   0|0x00000000e0000000, 0x00000000e0100000, 0x00000000e0100000|100%|HS|  |TAMS 0x00000000e0100000, 0x00000000e0000000| Complete 
|   1|0x00000000e0100000, 0x00000000e0200000, 0x00000000e0200000|100%| O|  |TAMS 0x00000000e0200000, 0x00000000e0100000| Untracked 
|   2|0x00000000e0200000, 0x00000000e0300000, 0x00000000e0300000|100%| O|  |TAMS 0x00000000e0300000, 0x00000000e0200000| Untracked 
|   3|0x00000000e0300000, 0x00000000e0400000, 0x00000000e0400000|100%|HS|  |TAMS 0x00000000e0400000, 0x00000000e0300000| Complete 
|   4|0x00000000e0400000, 0x00000000e0500000, 0x00000000e0500000|100%|HC|  |TAMS 0x00000000e0500000, 0x00000000e0400000| Complete 
|   5|0x00000000e0500000, 0x00000000e0600000, 0x00000000e0600000|100%|HC|  |TAMS 0x00000000e0600000, 0x00000000e0500000| Complete 
|   6|0x00000000e0600000, 0x00000000e0700000, 0x00000000e0700000|100%| O|  |TAMS 0x00000000e0700000, 0x00000000e0600000| Untracked 
|   7|0x00000000e0700000, 0x00000000e0800000, 0x00000000e0800000|100%| O|  |TAMS 0x00000000e0800000, 0x00000000e0700000| Untracked 
|   8|0x00000000e0800000, 0x00000000e0900000, 0x00000000e0900000|100%| O|  |TAMS 0x00000000e0900000, 0x00000000e0800000| Untracked 
|   9|0x00000000e0900000, 0x00000000e0a00000, 0x00000000e0a00000|100%|HS|  |TAMS 0x00000000e0900000, 0x00000000e0900000| Complete 
|  10|0x00000000e0a00000, 0x00000000e0b00000, 0x00000000e0b00000|100%|HS|  |TAMS 0x00000000e0b00000, 0x00000000e0a00000| Complete 
|  11|0x00000000e0b00000, 0x00000000e0c00000, 0x00000000e0c00000|100%|HC|  |TAMS 0x00000000e0c00000, 0x00000000e0b00000| Complete 
|  12|0x00000000e0c00000, 0x00000000e0d00000, 0x00000000e0d00000|100%|HS|  |TAMS 0x00000000e0d00000, 0x00000000e0c00000| Complete 
|  13|0x00000000e0d00000, 0x00000000e0e00000, 0x00000000e0e00000|100%|HC|  |TAMS 0x00000000e0e00000, 0x00000000e0d00000| Complete 
|  14|0x00000000e0e00000, 0x00000000e0f00000, 0x00000000e0f00000|100%|HC|  |TAMS 0x00000000e0f00000, 0x00000000e0e00000| Complete 
|  15|0x00000000e0f00000, 0x00000000e1000000, 0x00000000e1000000|100%|HS|  |TAMS 0x00000000e1000000, 0x00000000e0f00000| Complete 
|  16|0x00000000e1000000, 0x00000000e1100000, 0x00000000e1100000|100%|HC|  |TAMS 0x00000000e1100000, 0x00000000e1000000| Complete 
|  17|0x00000000e1100000, 0x00000000e1200000, 0x00000000e1200000|100%|HC|  |TAMS 0x00000000e1200000, 0x00000000e1100000| Complete 
|  18|0x00000000e1200000, 0x00000000e1300000, 0x00000000e1300000|100%|HC|  |TAMS 0x00000000e1300000, 0x00000000e1200000| Complete 
|  19|0x00000000e1300000, 0x00000000e1400000, 0x00000000e1400000|100%|HC|  |TAMS 0x00000000e1400000, 0x00000000e1300000| Complete 
|  20|0x00000000e1400000, 0x00000000e1500000, 0x00000000e1500000|100%|HS|  |TAMS 0x00000000e1500000, 0x00000000e1400000| Complete 
|  21|0x00000000e1500000, 0x00000000e1600000, 0x00000000e1600000|100%|HS|  |TAMS 0x00000000e1600000, 0x00000000e1500000| Complete 
|  22|0x00000000e1600000, 0x00000000e1700000, 0x00000000e1700000|100%|HC|  |TAMS 0x00000000e1700000, 0x00000000e1600000| Complete 
|  23|0x00000000e1700000, 0x00000000e1800000, 0x00000000e1800000|100%|HC|  |TAMS 0x00000000e1800000, 0x00000000e1700000| Complete 
|  24|0x00000000e1800000, 0x00000000e1900000, 0x00000000e1900000|100%| O|  |TAMS 0x00000000e1800000, 0x00000000e1800000| Untracked 
|  25|0x00000000e1900000, 0x00000000e1a00000, 0x00000000e1a00000|100%| O|  |TAMS 0x00000000e1900000, 0x00000000e1900000| Untracked 
|  26|0x00000000e1a00000, 0x00000000e1b00000, 0x00000000e1b00000|100%| O|  |TAMS 0x00000000e1a00000, 0x00000000e1a00000| Untracked 
|  27|0x00000000e1b00000, 0x00000000e1c00000, 0x00000000e1c00000|100%|HS|  |TAMS 0x00000000e1c00000, 0x00000000e1b00000| Complete 
|  28|0x00000000e1c00000, 0x00000000e1d00000, 0x00000000e1d00000|100%|HC|  |TAMS 0x00000000e1d00000, 0x00000000e1c00000| Complete 
|  29|0x00000000e1d00000, 0x00000000e1e00000, 0x00000000e1e00000|100%|HC|  |TAMS 0x00000000e1e00000, 0x00000000e1d00000| Complete 
|  30|0x00000000e1e00000, 0x00000000e1f00000, 0x00000000e1f00000|100%|HS|  |TAMS 0x00000000e1f00000, 0x00000000e1e00000| Complete 
|  31|0x00000000e1f00000, 0x00000000e2000000, 0x00000000e2000000|100%|HC|  |TAMS 0x00000000e2000000, 0x00000000e1f00000| Complete 
|  32|0x00000000e2000000, 0x00000000e2100000, 0x00000000e2100000|100%|HC|  |TAMS 0x00000000e2100000, 0x00000000e2000000| Complete 
|  33|0x00000000e2100000, 0x00000000e2200000, 0x00000000e2200000|100%|HS|  |TAMS 0x00000000e2200000, 0x00000000e2100000| Complete 
|  34|0x00000000e2200000, 0x00000000e2300000, 0x00000000e2300000|100%|HC|  |TAMS 0x00000000e2300000, 0x00000000e2200000| Complete 
|  35|0x00000000e2300000, 0x00000000e2400000, 0x00000000e2400000|100%|HS|  |TAMS 0x00000000e2400000, 0x00000000e2300000| Complete 
|  36|0x00000000e2400000, 0x00000000e2500000, 0x00000000e2500000|100%|HC|  |TAMS 0x00000000e2500000, 0x00000000e2400000| Complete 
|  37|0x00000000e2500000, 0x00000000e2600000, 0x00000000e2600000|100%|HC|  |TAMS 0x00000000e2600000, 0x00000000e2500000| Complete 
|  38|0x00000000e2600000, 0x00000000e2700000, 0x00000000e2700000|100%|HC|  |TAMS 0x00000000e2700000, 0x00000000e2600000| Complete 
|  39|0x00000000e2700000, 0x00000000e2800000, 0x00000000e2800000|100%| O|  |TAMS 0x00000000e2700000, 0x00000000e2700000| Untracked 
|  40|0x00000000e2800000, 0x00000000e2900000, 0x00000000e2900000|100%| O|  |TAMS 0x00000000e2800000, 0x00000000e2800000| Untracked 
|  41|0x00000000e2900000, 0x00000000e2a00000, 0x00000000e2a00000|100%| O|  |TAMS 0x00000000e2900000, 0x00000000e2900000| Untracked 
|  42|0x00000000e2a00000, 0x00000000e2b00000, 0x00000000e2b00000|100%| O|  |TAMS 0x00000000e2a00000, 0x00000000e2a00000| Untracked 
|  43|0x00000000e2b00000, 0x00000000e2c00000, 0x00000000e2c00000|100%| O|  |TAMS 0x00000000e2b00000, 0x00000000e2b00000| Untracked 
|  44|0x00000000e2c00000, 0x00000000e2d00000, 0x00000000e2d00000|100%| O|  |TAMS 0x00000000e2c00000, 0x00000000e2c00000| Untracked 
|  45|0x00000000e2d00000, 0x00000000e2e00000, 0x00000000e2e00000|100%|HS|  |TAMS 0x00000000e2d00000, 0x00000000e2d00000| Complete 
|  46|0x00000000e2e00000, 0x00000000e2f00000, 0x00000000e2f00000|100%|HC|  |TAMS 0x00000000e2e00000, 0x00000000e2e00000| Complete 
|  47|0x00000000e2f00000, 0x00000000e3000000, 0x00000000e3000000|100%|HC|  |TAMS 0x00000000e2f00000, 0x00000000e2f00000| Complete 
|  48|0x00000000e3000000, 0x00000000e3100000, 0x00000000e3100000|100%|HC|  |TAMS 0x00000000e3000000, 0x00000000e3000000| Complete 
|  49|0x00000000e3100000, 0x00000000e3200000, 0x00000000e3200000|100%|HC|  |TAMS 0x00000000e3100000, 0x00000000e3100000| Complete 
|  50|0x00000000e3200000, 0x00000000e3300000, 0x00000000e3300000|100%| O|  |TAMS 0x00000000e3200000, 0x00000000e3200000| Untracked 
|  51|0x00000000e3300000, 0x00000000e3400000, 0x00000000e3400000|100%| O|  |TAMS 0x00000000e3300000, 0x00000000e3300000| Untracked 
|  52|0x00000000e3400000, 0x00000000e3500000, 0x00000000e3500000|100%| O|  |TAMS 0x00000000e3400000, 0x00000000e3400000| Untracked 
|  53|0x00000000e3500000, 0x00000000e3600000, 0x00000000e3600000|100%| O|  |TAMS 0x00000000e3500000, 0x00000000e3500000| Untracked 
|  54|0x00000000e3600000, 0x00000000e3700000, 0x00000000e3700000|100%| O|  |TAMS 0x00000000e3600000, 0x00000000e3600000| Untracked 
|  55|0x00000000e3700000, 0x00000000e3800000, 0x00000000e3800000|100%| O|  |TAMS 0x00000000e3700000, 0x00000000e3700000| Untracked 
|  56|0x00000000e3800000, 0x00000000e3900000, 0x00000000e3900000|100%| O|  |TAMS 0x00000000e3800000, 0x00000000e3800000| Untracked 
|  57|0x00000000e3900000, 0x00000000e3a00000, 0x00000000e3a00000|100%| O|  |TAMS 0x00000000e3900000, 0x00000000e3900000| Untracked 
|  58|0x00000000e3a00000, 0x00000000e3b00000, 0x00000000e3b00000|100%| O|  |TAMS 0x00000000e3a00000, 0x00000000e3a00000| Untracked 
|  59|0x00000000e3b00000, 0x00000000e3c00000, 0x00000000e3c00000|100%| O|  |TAMS 0x00000000e3b00000, 0x00000000e3b00000| Untracked 
|  60|0x00000000e3c00000, 0x00000000e3d00000, 0x00000000e3d00000|100%| O|  |TAMS 0x00000000e3c00000, 0x00000000e3c00000| Untracked 
|  61|0x00000000e3d00000, 0x00000000e3e00000, 0x00000000e3e00000|100%| O|  |TAMS 0x00000000e3d00000, 0x00000000e3d00000| Untracked 
|  62|0x00000000e3e00000, 0x00000000e3f00000, 0x00000000e3f00000|100%| O|  |TAMS 0x00000000e3e00000, 0x00000000e3e00000| Untracked 
|  63|0x00000000e3f00000, 0x00000000e4000000, 0x00000000e4000000|100%| O|  |TAMS 0x00000000e3f00000, 0x00000000e3f00000| Untracked 
|  64|0x00000000e4000000, 0x00000000e4100000, 0x00000000e4100000|100%| O|  |TAMS 0x00000000e4000000, 0x00000000e4000000| Untracked 
|  65|0x00000000e4100000, 0x00000000e4200000, 0x00000000e4200000|100%| O|  |TAMS 0x00000000e4100000, 0x00000000e4100000| Untracked 
|  66|0x00000000e4200000, 0x00000000e4300000, 0x00000000e4300000|100%| O|  |TAMS 0x00000000e4200000, 0x00000000e4200000| Untracked 
|  67|0x00000000e4300000, 0x00000000e4400000, 0x00000000e4400000|100%| O|  |TAMS 0x00000000e4300000, 0x00000000e4300000| Untracked 
|  68|0x00000000e4400000, 0x00000000e4500000, 0x00000000e4500000|100%| O|  |TAMS 0x00000000e4400000, 0x00000000e4400000| Untracked 
|  69|0x00000000e4500000, 0x00000000e4600000, 0x00000000e4600000|100%| O|  |TAMS 0x00000000e4500000, 0x00000000e4500000| Untracked 
|  70|0x00000000e4600000, 0x00000000e4700000, 0x00000000e4700000|100%| O|  |TAMS 0x00000000e4600000, 0x00000000e4600000| Untracked 
|  71|0x00000000e4700000, 0x00000000e4800000, 0x00000000e4800000|100%| O|  |TAMS 0x00000000e4700000, 0x00000000e4700000| Untracked 
|  72|0x00000000e4800000, 0x00000000e4900000, 0x00000000e4900000|100%| O|  |TAMS 0x00000000e4800000, 0x00000000e4800000| Untracked 
|  73|0x00000000e4900000, 0x00000000e4a00000, 0x00000000e4a00000|100%| O|  |TAMS 0x00000000e4900000, 0x00000000e4900000| Untracked 
|  74|0x00000000e4a00000, 0x00000000e4b00000, 0x00000000e4b00000|100%| O|  |TAMS 0x00000000e4a00000, 0x00000000e4a00000| Untracked 
|  75|0x00000000e4b00000, 0x00000000e4c00000, 0x00000000e4c00000|100%| O|  |TAMS 0x00000000e4b00000, 0x00000000e4b00000| Untracked 
|  76|0x00000000e4c00000, 0x00000000e4d00000, 0x00000000e4d00000|100%| O|  |TAMS 0x00000000e4c00000, 0x00000000e4c00000| Untracked 
|  77|0x00000000e4d00000, 0x00000000e4e00000, 0x00000000e4e00000|100%| O|  |TAMS 0x00000000e4d00000, 0x00000000e4d00000| Untracked 
|  78|0x00000000e4e00000, 0x00000000e4e89400, 0x00000000e4f00000| 53%| O|  |TAMS 0x00000000e4e00000, 0x00000000e4e00000| Untracked 
|  79|0x00000000e4f00000, 0x00000000e5000000, 0x00000000e5000000|100%|HS|  |TAMS 0x00000000e4f00000, 0x00000000e4f00000| Complete 
|  80|0x00000000e5000000, 0x00000000e5100000, 0x00000000e5100000|100%|HC|  |TAMS 0x00000000e5000000, 0x00000000e5000000| Complete 
|  81|0x00000000e5100000, 0x00000000e5200000, 0x00000000e5200000|100%|HC|  |TAMS 0x00000000e5100000, 0x00000000e5100000| Complete 
|  82|0x00000000e5200000, 0x00000000e5300000, 0x00000000e5300000|100%|HC|  |TAMS 0x00000000e5200000, 0x00000000e5200000| Complete 
|  83|0x00000000e5300000, 0x00000000e5400000, 0x00000000e5400000|100%|HS|  |TAMS 0x00000000e5300000, 0x00000000e5300000| Complete 
|  84|0x00000000e5400000, 0x00000000e5500000, 0x00000000e5500000|100%|HC|  |TAMS 0x00000000e5400000, 0x00000000e5400000| Complete 
|  85|0x00000000e5500000, 0x00000000e5600000, 0x00000000e5600000|100%|HS|  |TAMS 0x00000000e5500000, 0x00000000e5500000| Complete 
|  86|0x00000000e5600000, 0x00000000e5700000, 0x00000000e5700000|100%|HC|  |TAMS 0x00000000e5600000, 0x00000000e5600000| Complete 
|  87|0x00000000e5700000, 0x00000000e5800000, 0x00000000e5800000|100%|HC|  |TAMS 0x00000000e5700000, 0x00000000e5700000| Complete 
|  88|0x00000000e5800000, 0x00000000e5900000, 0x00000000e5900000|100%|HS|  |TAMS 0x00000000e5800000, 0x00000000e5800000| Complete 
|  89|0x00000000e5900000, 0x00000000e5a00000, 0x00000000e5a00000|100%|HC|  |TAMS 0x00000000e5900000, 0x00000000e5900000| Complete 
|  90|0x00000000e5a00000, 0x00000000e5b00000, 0x00000000e5b00000|100%|HC|  |TAMS 0x00000000e5a00000, 0x00000000e5a00000| Complete 
|  91|0x00000000e5b00000, 0x00000000e5c00000, 0x00000000e5c00000|100%|HC|  |TAMS 0x00000000e5b00000, 0x00000000e5b00000| Complete 
|  92|0x00000000e5c00000, 0x00000000e5d00000, 0x00000000e5d00000|100%|HC|  |TAMS 0x00000000e5c00000, 0x00000000e5c00000| Complete 
|  93|0x00000000e5d00000, 0x00000000e5e00000, 0x00000000e5e00000|100%|HS|  |TAMS 0x00000000e5d00000, 0x00000000e5d00000| Complete 
|  94|0x00000000e5e00000, 0x00000000e5f00000, 0x00000000e5f00000|100%|HS|  |TAMS 0x00000000e5e00000, 0x00000000e5e00000| Complete 
|  95|0x00000000e5f00000, 0x00000000e6000000, 0x00000000e6000000|100%|HC|  |TAMS 0x00000000e5f00000, 0x00000000e5f00000| Complete 
|  96|0x00000000e6000000, 0x00000000e6100000, 0x00000000e6100000|100%|HC|  |TAMS 0x00000000e6000000, 0x00000000e6000000| Complete 
|  97|0x00000000e6100000, 0x00000000e6200000, 0x00000000e6200000|100%|HS|  |TAMS 0x00000000e6100000, 0x00000000e6100000| Complete 
|  98|0x00000000e6200000, 0x00000000e6300000, 0x00000000e6300000|100%|HC|  |TAMS 0x00000000e6200000, 0x00000000e6200000| Complete 
|  99|0x00000000e6300000, 0x00000000e6400000, 0x00000000e6400000|100%|HC|  |TAMS 0x00000000e6300000, 0x00000000e6300000| Complete 
| 100|0x00000000e6400000, 0x00000000e6500000, 0x00000000e6500000|100%|HC|  |TAMS 0x00000000e6400000, 0x00000000e6400000| Complete 
| 101|0x00000000e6500000, 0x00000000e6500000, 0x00000000e6600000|  0%| F|  |TAMS 0x00000000e6500000, 0x00000000e6500000| Untracked 
| 102|0x00000000e6600000, 0x00000000e6600000, 0x00000000e6700000|  0%| F|  |TAMS 0x00000000e6600000, 0x00000000e6600000| Untracked 
| 103|0x00000000e6700000, 0x00000000e6700000, 0x00000000e6800000|  0%| F|  |TAMS 0x00000000e6700000, 0x00000000e6700000| Untracked 
| 104|0x00000000e6800000, 0x00000000e6800000, 0x00000000e6900000|  0%| F|  |TAMS 0x00000000e6800000, 0x00000000e6800000| Untracked 
| 105|0x00000000e6900000, 0x00000000e6900000, 0x00000000e6a00000|  0%| F|  |TAMS 0x00000000e6900000, 0x00000000e6900000| Untracked 
| 106|0x00000000e6a00000, 0x00000000e6a00000, 0x00000000e6b00000|  0%| F|  |TAMS 0x00000000e6a00000, 0x00000000e6a00000| Untracked 
| 107|0x00000000e6b00000, 0x00000000e6b00000, 0x00000000e6c00000|  0%| F|  |TAMS 0x00000000e6b00000, 0x00000000e6b00000| Untracked 
| 108|0x00000000e6c00000, 0x00000000e6c00000, 0x00000000e6d00000|  0%| F|  |TAMS 0x00000000e6c00000, 0x00000000e6c00000| Untracked 
| 109|0x00000000e6d00000, 0x00000000e6d00000, 0x00000000e6e00000|  0%| F|  |TAMS 0x00000000e6d00000, 0x00000000e6d00000| Untracked 
| 110|0x00000000e6e00000, 0x00000000e6e00000, 0x00000000e6f00000|  0%| F|  |TAMS 0x00000000e6e00000, 0x00000000e6e00000| Untracked 
| 111|0x00000000e6f00000, 0x00000000e6f00000, 0x00000000e7000000|  0%| F|  |TAMS 0x00000000e6f00000, 0x00000000e6f00000| Untracked 
| 112|0x00000000e7000000, 0x00000000e7000000, 0x00000000e7100000|  0%| F|  |TAMS 0x00000000e7000000, 0x00000000e7000000| Untracked 
| 113|0x00000000e7100000, 0x00000000e7100000, 0x00000000e7200000|  0%| F|  |TAMS 0x00000000e7100000, 0x00000000e7100000| Untracked 
| 114|0x00000000e7200000, 0x00000000e7200000, 0x00000000e7300000|  0%| F|  |TAMS 0x00000000e7200000, 0x00000000e7200000| Untracked 
| 115|0x00000000e7300000, 0x00000000e7300000, 0x00000000e7400000|  0%| F|  |TAMS 0x00000000e7300000, 0x00000000e7300000| Untracked 
| 116|0x00000000e7400000, 0x00000000e7400000, 0x00000000e7500000|  0%| F|  |TAMS 0x00000000e7400000, 0x00000000e7400000| Untracked 
| 117|0x00000000e7500000, 0x00000000e7500000, 0x00000000e7600000|  0%| F|  |TAMS 0x00000000e7500000, 0x00000000e7500000| Untracked 
| 118|0x00000000e7600000, 0x00000000e7600000, 0x00000000e7700000|  0%| F|  |TAMS 0x00000000e7600000, 0x00000000e7600000| Untracked 
| 119|0x00000000e7700000, 0x00000000e7700000, 0x00000000e7800000|  0%| F|  |TAMS 0x00000000e7700000, 0x00000000e7700000| Untracked 
| 120|0x00000000e7800000, 0x00000000e7800000, 0x00000000e7900000|  0%| F|  |TAMS 0x00000000e7800000, 0x00000000e7800000| Untracked 
| 121|0x00000000e7900000, 0x00000000e7900000, 0x00000000e7a00000|  0%| F|  |TAMS 0x00000000e7900000, 0x00000000e7900000| Untracked 
| 122|0x00000000e7a00000, 0x00000000e7a00000, 0x00000000e7b00000|  0%| F|  |TAMS 0x00000000e7a00000, 0x00000000e7a00000| Untracked 
| 123|0x00000000e7b00000, 0x00000000e7b00000, 0x00000000e7c00000|  0%| F|  |TAMS 0x00000000e7b00000, 0x00000000e7b00000| Untracked 
| 124|0x00000000e7c00000, 0x00000000e7c00000, 0x00000000e7d00000|  0%| F|  |TAMS 0x00000000e7c00000, 0x00000000e7c00000| Untracked 
| 125|0x00000000e7d00000, 0x00000000e7d00000, 0x00000000e7e00000|  0%| F|  |TAMS 0x00000000e7d00000, 0x00000000e7d00000| Untracked 
| 126|0x00000000e7e00000, 0x00000000e7e00000, 0x00000000e7f00000|  0%| F|  |TAMS 0x00000000e7e00000, 0x00000000e7e00000| Untracked 
| 127|0x00000000e7f00000, 0x00000000e8000000, 0x00000000e8000000|100%| S|CS|TAMS 0x00000000e7f00000, 0x00000000e7f00000| Complete 
| 128|0x00000000e8000000, 0x00000000e8100000, 0x00000000e8100000|100%| S|CS|TAMS 0x00000000e8000000, 0x00000000e8000000| Complete 
| 129|0x00000000e8100000, 0x00000000e8200000, 0x00000000e8200000|100%| S|CS|TAMS 0x00000000e8100000, 0x00000000e8100000| Complete 
| 130|0x00000000e8200000, 0x00000000e8300000, 0x00000000e8300000|100%| S|CS|TAMS 0x00000000e8200000, 0x00000000e8200000| Complete 
| 131|0x00000000e8300000, 0x00000000e8400000, 0x00000000e8400000|100%| S|CS|TAMS 0x00000000e8300000, 0x00000000e8300000| Complete 
| 132|0x00000000e8400000, 0x00000000e8500000, 0x00000000e8500000|100%| S|CS|TAMS 0x00000000e8400000, 0x00000000e8400000| Complete 
| 133|0x00000000e8500000, 0x00000000e8600000, 0x00000000e8600000|100%| S|CS|TAMS 0x00000000e8500000, 0x00000000e8500000| Complete 
| 134|0x00000000e8600000, 0x00000000e8700000, 0x00000000e8700000|100%| S|CS|TAMS 0x00000000e8600000, 0x00000000e8600000| Complete 
| 135|0x00000000e8700000, 0x00000000e8800000, 0x00000000e8800000|100%| S|CS|TAMS 0x00000000e8700000, 0x00000000e8700000| Complete 
| 136|0x00000000e8800000, 0x00000000e8900000, 0x00000000e8900000|100%| S|CS|TAMS 0x00000000e8800000, 0x00000000e8800000| Complete 
| 137|0x00000000e8900000, 0x00000000e8a00000, 0x00000000e8a00000|100%| S|CS|TAMS 0x00000000e8900000, 0x00000000e8900000| Complete 
| 138|0x00000000e8a00000, 0x00000000e8b00000, 0x00000000e8b00000|100%| S|CS|TAMS 0x00000000e8a00000, 0x00000000e8a00000| Complete 
| 139|0x00000000e8b00000, 0x00000000e8c00000, 0x00000000e8c00000|100%| S|CS|TAMS 0x00000000e8b00000, 0x00000000e8b00000| Complete 
| 140|0x00000000e8c00000, 0x00000000e8d00000, 0x00000000e8d00000|100%| S|CS|TAMS 0x00000000e8c00000, 0x00000000e8c00000| Complete 
| 141|0x00000000e8d00000, 0x00000000e8e00000, 0x00000000e8e00000|100%| S|CS|TAMS 0x00000000e8d00000, 0x00000000e8d00000| Complete 
| 142|0x00000000e8e00000, 0x00000000e8e00000, 0x00000000e8f00000|  0%| F|  |TAMS 0x00000000e8e00000, 0x00000000e8e00000| Untracked 
| 143|0x00000000e8f00000, 0x00000000e8f00000, 0x00000000e9000000|  0%| F|  |TAMS 0x00000000e8f00000, 0x00000000e8f00000| Untracked 
| 144|0x00000000e9000000, 0x00000000e9000000, 0x00000000e9100000|  0%| F|  |TAMS 0x00000000e9000000, 0x00000000e9000000| Untracked 
| 145|0x00000000e9100000, 0x00000000e9100000, 0x00000000e9200000|  0%| F|  |TAMS 0x00000000e9100000, 0x00000000e9100000| Untracked 
| 146|0x00000000e9200000, 0x00000000e9200000, 0x00000000e9300000|  0%| F|  |TAMS 0x00000000e9200000, 0x00000000e9200000| Untracked 
| 147|0x00000000e9300000, 0x00000000e9300000, 0x00000000e9400000|  0%| F|  |TAMS 0x00000000e9300000, 0x00000000e9300000| Untracked 
| 148|0x00000000e9400000, 0x00000000e9400000, 0x00000000e9500000|  0%| F|  |TAMS 0x00000000e9400000, 0x00000000e9400000| Untracked 
| 149|0x00000000e9500000, 0x00000000e9500000, 0x00000000e9600000|  0%| F|  |TAMS 0x00000000e9500000, 0x00000000e9500000| Untracked 
| 150|0x00000000e9600000, 0x00000000e9600000, 0x00000000e9700000|  0%| F|  |TAMS 0x00000000e9600000, 0x00000000e9600000| Untracked 
| 151|0x00000000e9700000, 0x00000000e9700000, 0x00000000e9800000|  0%| F|  |TAMS 0x00000000e9700000, 0x00000000e9700000| Untracked 
| 152|0x00000000e9800000, 0x00000000e9800000, 0x00000000e9900000|  0%| F|  |TAMS 0x00000000e9800000, 0x00000000e9800000| Untracked 
| 153|0x00000000e9900000, 0x00000000e9900000, 0x00000000e9a00000|  0%| F|  |TAMS 0x00000000e9900000, 0x00000000e9900000| Untracked 
| 154|0x00000000e9a00000, 0x00000000e9a00000, 0x00000000e9b00000|  0%| F|  |TAMS 0x00000000e9a00000, 0x00000000e9a00000| Untracked 
| 155|0x00000000e9b00000, 0x00000000e9b00000, 0x00000000e9c00000|  0%| F|  |TAMS 0x00000000e9b00000, 0x00000000e9b00000| Untracked 
| 156|0x00000000e9c00000, 0x00000000e9c00000, 0x00000000e9d00000|  0%| F|  |TAMS 0x00000000e9c00000, 0x00000000e9c00000| Untracked 
| 157|0x00000000e9d00000, 0x00000000e9d00000, 0x00000000e9e00000|  0%| F|  |TAMS 0x00000000e9d00000, 0x00000000e9d00000| Untracked 
| 158|0x00000000e9e00000, 0x00000000e9e00000, 0x00000000e9f00000|  0%| F|  |TAMS 0x00000000e9e00000, 0x00000000e9e00000| Untracked 
| 159|0x00000000e9f00000, 0x00000000e9f00000, 0x00000000ea000000|  0%| F|  |TAMS 0x00000000e9f00000, 0x00000000e9f00000| Untracked 
| 160|0x00000000ea000000, 0x00000000ea000000, 0x00000000ea100000|  0%| F|  |TAMS 0x00000000ea000000, 0x00000000ea000000| Untracked 
| 161|0x00000000ea100000, 0x00000000ea100000, 0x00000000ea200000|  0%| F|  |TAMS 0x00000000ea100000, 0x00000000ea100000| Untracked 
| 162|0x00000000ea200000, 0x00000000ea200000, 0x00000000ea300000|  0%| F|  |TAMS 0x00000000ea200000, 0x00000000ea200000| Untracked 
| 163|0x00000000ea300000, 0x00000000ea300000, 0x00000000ea400000|  0%| F|  |TAMS 0x00000000ea300000, 0x00000000ea300000| Untracked 
| 164|0x00000000ea400000, 0x00000000ea400000, 0x00000000ea500000|  0%| F|  |TAMS 0x00000000ea400000, 0x00000000ea400000| Untracked 
| 165|0x00000000ea500000, 0x00000000ea500000, 0x00000000ea600000|  0%| F|  |TAMS 0x00000000ea500000, 0x00000000ea500000| Untracked 
| 166|0x00000000ea600000, 0x00000000ea600000, 0x00000000ea700000|  0%| F|  |TAMS 0x00000000ea600000, 0x00000000ea600000| Untracked 
| 167|0x00000000ea700000, 0x00000000ea700000, 0x00000000ea800000|  0%| F|  |TAMS 0x00000000ea700000, 0x00000000ea700000| Untracked 
| 168|0x00000000ea800000, 0x00000000ea800000, 0x00000000ea900000|  0%| F|  |TAMS 0x00000000ea800000, 0x00000000ea800000| Untracked 
| 169|0x00000000ea900000, 0x00000000ea900000, 0x00000000eaa00000|  0%| F|  |TAMS 0x00000000ea900000, 0x00000000ea900000| Untracked 
| 170|0x00000000eaa00000, 0x00000000eaa00000, 0x00000000eab00000|  0%| F|  |TAMS 0x00000000eaa00000, 0x00000000eaa00000| Untracked 
| 171|0x00000000eab00000, 0x00000000eab00000, 0x00000000eac00000|  0%| F|  |TAMS 0x00000000eab00000, 0x00000000eab00000| Untracked 
| 172|0x00000000eac00000, 0x00000000eac00000, 0x00000000ead00000|  0%| F|  |TAMS 0x00000000eac00000, 0x00000000eac00000| Untracked 
| 173|0x00000000ead00000, 0x00000000ead00000, 0x00000000eae00000|  0%| F|  |TAMS 0x00000000ead00000, 0x00000000ead00000| Untracked 
| 174|0x00000000eae00000, 0x00000000eae00000, 0x00000000eaf00000|  0%| F|  |TAMS 0x00000000eae00000, 0x00000000eae00000| Untracked 
| 175|0x00000000eaf00000, 0x00000000eaf00000, 0x00000000eb000000|  0%| F|  |TAMS 0x00000000eaf00000, 0x00000000eaf00000| Untracked 
| 176|0x00000000eb000000, 0x00000000eb000000, 0x00000000eb100000|  0%| F|  |TAMS 0x00000000eb000000, 0x00000000eb000000| Untracked 
| 177|0x00000000eb100000, 0x00000000eb100000, 0x00000000eb200000|  0%| F|  |TAMS 0x00000000eb100000, 0x00000000eb100000| Untracked 
| 178|0x00000000eb200000, 0x00000000eb200000, 0x00000000eb300000|  0%| F|  |TAMS 0x00000000eb200000, 0x00000000eb200000| Untracked 
| 179|0x00000000eb300000, 0x00000000eb300000, 0x00000000eb400000|  0%| F|  |TAMS 0x00000000eb300000, 0x00000000eb300000| Untracked 
| 180|0x00000000eb400000, 0x00000000eb400000, 0x00000000eb500000|  0%| F|  |TAMS 0x00000000eb400000, 0x00000000eb400000| Untracked 
| 181|0x00000000eb500000, 0x00000000eb500000, 0x00000000eb600000|  0%| F|  |TAMS 0x00000000eb500000, 0x00000000eb500000| Untracked 
| 182|0x00000000eb600000, 0x00000000eb600000, 0x00000000eb700000|  0%| F|  |TAMS 0x00000000eb600000, 0x00000000eb600000| Untracked 
| 183|0x00000000eb700000, 0x00000000eb700000, 0x00000000eb800000|  0%| F|  |TAMS 0x00000000eb700000, 0x00000000eb700000| Untracked 
| 184|0x00000000eb800000, 0x00000000eb800000, 0x00000000eb900000|  0%| F|  |TAMS 0x00000000eb800000, 0x00000000eb800000| Untracked 
| 185|0x00000000eb900000, 0x00000000eb900000, 0x00000000eba00000|  0%| F|  |TAMS 0x00000000eb900000, 0x00000000eb900000| Untracked 
| 186|0x00000000eba00000, 0x00000000eba00000, 0x00000000ebb00000|  0%| F|  |TAMS 0x00000000eba00000, 0x00000000eba00000| Untracked 
| 187|0x00000000ebb00000, 0x00000000ebb00000, 0x00000000ebc00000|  0%| F|  |TAMS 0x00000000ebb00000, 0x00000000ebb00000| Untracked 
| 188|0x00000000ebc00000, 0x00000000ebc00000, 0x00000000ebd00000|  0%| F|  |TAMS 0x00000000ebc00000, 0x00000000ebc00000| Untracked 
| 189|0x00000000ebd00000, 0x00000000ebd00000, 0x00000000ebe00000|  0%| F|  |TAMS 0x00000000ebd00000, 0x00000000ebd00000| Untracked 
| 190|0x00000000ebe00000, 0x00000000ebe00000, 0x00000000ebf00000|  0%| F|  |TAMS 0x00000000ebe00000, 0x00000000ebe00000| Untracked 
| 191|0x00000000ebf00000, 0x00000000ebf00000, 0x00000000ec000000|  0%| F|  |TAMS 0x00000000ebf00000, 0x00000000ebf00000| Untracked 
| 192|0x00000000ec000000, 0x00000000ec000000, 0x00000000ec100000|  0%| F|  |TAMS 0x00000000ec000000, 0x00000000ec000000| Untracked 
| 193|0x00000000ec100000, 0x00000000ec100000, 0x00000000ec200000|  0%| F|  |TAMS 0x00000000ec100000, 0x00000000ec100000| Untracked 
| 194|0x00000000ec200000, 0x00000000ec200000, 0x00000000ec300000|  0%| F|  |TAMS 0x00000000ec200000, 0x00000000ec200000| Untracked 
| 195|0x00000000ec300000, 0x00000000ec300000, 0x00000000ec400000|  0%| F|  |TAMS 0x00000000ec300000, 0x00000000ec300000| Untracked 
| 196|0x00000000ec400000, 0x00000000ec400000, 0x00000000ec500000|  0%| F|  |TAMS 0x00000000ec400000, 0x00000000ec400000| Untracked 
| 197|0x00000000ec500000, 0x00000000ec500000, 0x00000000ec600000|  0%| F|  |TAMS 0x00000000ec500000, 0x00000000ec500000| Untracked 
| 198|0x00000000ec600000, 0x00000000ec600000, 0x00000000ec700000|  0%| F|  |TAMS 0x00000000ec600000, 0x00000000ec600000| Untracked 
| 199|0x00000000ec700000, 0x00000000ec700000, 0x00000000ec800000|  0%| F|  |TAMS 0x00000000ec700000, 0x00000000ec700000| Untracked 
| 200|0x00000000ec800000, 0x00000000ec800000, 0x00000000ec900000|  0%| F|  |TAMS 0x00000000ec800000, 0x00000000ec800000| Untracked 
| 201|0x00000000ec900000, 0x00000000ec900000, 0x00000000eca00000|  0%| F|  |TAMS 0x00000000ec900000, 0x00000000ec900000| Untracked 
| 202|0x00000000eca00000, 0x00000000eca00000, 0x00000000ecb00000|  0%| F|  |TAMS 0x00000000eca00000, 0x00000000eca00000| Untracked 
| 203|0x00000000ecb00000, 0x00000000ecb00000, 0x00000000ecc00000|  0%| F|  |TAMS 0x00000000ecb00000, 0x00000000ecb00000| Untracked 
| 204|0x00000000ecc00000, 0x00000000ecc00000, 0x00000000ecd00000|  0%| F|  |TAMS 0x00000000ecc00000, 0x00000000ecc00000| Untracked 
| 205|0x00000000ecd00000, 0x00000000ecd00000, 0x00000000ece00000|  0%| F|  |TAMS 0x00000000ecd00000, 0x00000000ecd00000| Untracked 
| 206|0x00000000ece00000, 0x00000000ece00000, 0x00000000ecf00000|  0%| F|  |TAMS 0x00000000ece00000, 0x00000000ece00000| Untracked 
| 207|0x00000000ecf00000, 0x00000000ecf00000, 0x00000000ed000000|  0%| F|  |TAMS 0x00000000ecf00000, 0x00000000ecf00000| Untracked 
| 208|0x00000000ed000000, 0x00000000ed000000, 0x00000000ed100000|  0%| F|  |TAMS 0x00000000ed000000, 0x00000000ed000000| Untracked 
| 209|0x00000000ed100000, 0x00000000ed100000, 0x00000000ed200000|  0%| F|  |TAMS 0x00000000ed100000, 0x00000000ed100000| Untracked 
| 210|0x00000000ed200000, 0x00000000ed200000, 0x00000000ed300000|  0%| F|  |TAMS 0x00000000ed200000, 0x00000000ed200000| Untracked 
| 211|0x00000000ed300000, 0x00000000ed300000, 0x00000000ed400000|  0%| F|  |TAMS 0x00000000ed300000, 0x00000000ed300000| Untracked 
| 212|0x00000000ed400000, 0x00000000ed400000, 0x00000000ed500000|  0%| F|  |TAMS 0x00000000ed400000, 0x00000000ed400000| Untracked 
| 213|0x00000000ed500000, 0x00000000ed500000, 0x00000000ed600000|  0%| F|  |TAMS 0x00000000ed500000, 0x00000000ed500000| Untracked 
| 214|0x00000000ed600000, 0x00000000ed600000, 0x00000000ed700000|  0%| F|  |TAMS 0x00000000ed600000, 0x00000000ed600000| Untracked 
| 215|0x00000000ed700000, 0x00000000ed700000, 0x00000000ed800000|  0%| F|  |TAMS 0x00000000ed700000, 0x00000000ed700000| Untracked 
| 216|0x00000000ed800000, 0x00000000ed800000, 0x00000000ed900000|  0%| F|  |TAMS 0x00000000ed800000, 0x00000000ed800000| Untracked 
| 217|0x00000000ed900000, 0x00000000ed900000, 0x00000000eda00000|  0%| F|  |TAMS 0x00000000ed900000, 0x00000000ed900000| Untracked 
| 218|0x00000000eda00000, 0x00000000eda00000, 0x00000000edb00000|  0%| F|  |TAMS 0x00000000eda00000, 0x00000000eda00000| Untracked 
| 219|0x00000000edb00000, 0x00000000edb00000, 0x00000000edc00000|  0%| F|  |TAMS 0x00000000edb00000, 0x00000000edb00000| Untracked 
| 220|0x00000000edc00000, 0x00000000edc00000, 0x00000000edd00000|  0%| F|  |TAMS 0x00000000edc00000, 0x00000000edc00000| Untracked 
| 221|0x00000000edd00000, 0x00000000edd00000, 0x00000000ede00000|  0%| F|  |TAMS 0x00000000edd00000, 0x00000000edd00000| Untracked 
| 222|0x00000000ede00000, 0x00000000ede00000, 0x00000000edf00000|  0%| F|  |TAMS 0x00000000ede00000, 0x00000000ede00000| Untracked 
| 223|0x00000000edf00000, 0x00000000edf00000, 0x00000000ee000000|  0%| F|  |TAMS 0x00000000edf00000, 0x00000000edf00000| Untracked 
| 224|0x00000000ee000000, 0x00000000ee000000, 0x00000000ee100000|  0%| F|  |TAMS 0x00000000ee000000, 0x00000000ee000000| Untracked 
| 225|0x00000000ee100000, 0x00000000ee100000, 0x00000000ee200000|  0%| F|  |TAMS 0x00000000ee100000, 0x00000000ee100000| Untracked 
| 226|0x00000000ee200000, 0x00000000ee200000, 0x00000000ee300000|  0%| F|  |TAMS 0x00000000ee200000, 0x00000000ee200000| Untracked 
| 227|0x00000000ee300000, 0x00000000ee300000, 0x00000000ee400000|  0%| F|  |TAMS 0x00000000ee300000, 0x00000000ee300000| Untracked 
| 228|0x00000000ee400000, 0x00000000ee400000, 0x00000000ee500000|  0%| F|  |TAMS 0x00000000ee400000, 0x00000000ee400000| Untracked 
| 229|0x00000000ee500000, 0x00000000ee500000, 0x00000000ee600000|  0%| F|  |TAMS 0x00000000ee500000, 0x00000000ee500000| Untracked 
| 230|0x00000000ee600000, 0x00000000ee600000, 0x00000000ee700000|  0%| F|  |TAMS 0x00000000ee600000, 0x00000000ee600000| Untracked 
| 231|0x00000000ee700000, 0x00000000ee700000, 0x00000000ee800000|  0%| F|  |TAMS 0x00000000ee700000, 0x00000000ee700000| Untracked 
| 232|0x00000000ee800000, 0x00000000ee800000, 0x00000000ee900000|  0%| F|  |TAMS 0x00000000ee800000, 0x00000000ee800000| Untracked 
| 233|0x00000000ee900000, 0x00000000ee900000, 0x00000000eea00000|  0%| F|  |TAMS 0x00000000ee900000, 0x00000000ee900000| Untracked 
| 234|0x00000000eea00000, 0x00000000eea00000, 0x00000000eeb00000|  0%| F|  |TAMS 0x00000000eea00000, 0x00000000eea00000| Untracked 
| 235|0x00000000eeb00000, 0x00000000eeb80800, 0x00000000eec00000| 50%| E|  |TAMS 0x00000000eeb00000, 0x00000000eeb00000| Complete 
| 236|0x00000000eec00000, 0x00000000eed00000, 0x00000000eed00000|100%| E|CS|TAMS 0x00000000eec00000, 0x00000000eec00000| Complete 
| 237|0x00000000eed00000, 0x00000000eee00000, 0x00000000eee00000|100%| E|CS|TAMS 0x00000000eed00000, 0x00000000eed00000| Complete 
| 238|0x00000000eee00000, 0x00000000eef00000, 0x00000000eef00000|100%| E|CS|TAMS 0x00000000eee00000, 0x00000000eee00000| Complete 
| 239|0x00000000eef00000, 0x00000000ef000000, 0x00000000ef000000|100%| E|CS|TAMS 0x00000000eef00000, 0x00000000eef00000| Complete 
| 240|0x00000000ef000000, 0x00000000ef100000, 0x00000000ef100000|100%| E|CS|TAMS 0x00000000ef000000, 0x00000000ef000000| Complete 
| 241|0x00000000ef100000, 0x00000000ef200000, 0x00000000ef200000|100%| E|CS|TAMS 0x00000000ef100000, 0x00000000ef100000| Complete 
| 242|0x00000000ef200000, 0x00000000ef300000, 0x00000000ef300000|100%| E|CS|TAMS 0x00000000ef200000, 0x00000000ef200000| Complete 
| 243|0x00000000ef300000, 0x00000000ef400000, 0x00000000ef400000|100%| E|CS|TAMS 0x00000000ef300000, 0x00000000ef300000| Complete 
| 244|0x00000000ef400000, 0x00000000ef500000, 0x00000000ef500000|100%| E|CS|TAMS 0x00000000ef400000, 0x00000000ef400000| Complete 
| 245|0x00000000ef500000, 0x00000000ef600000, 0x00000000ef600000|100%| E|CS|TAMS 0x00000000ef500000, 0x00000000ef500000| Complete 
| 246|0x00000000ef600000, 0x00000000ef700000, 0x00000000ef700000|100%| E|CS|TAMS 0x00000000ef600000, 0x00000000ef600000| Complete 
| 247|0x00000000ef700000, 0x00000000ef800000, 0x00000000ef800000|100%| E|CS|TAMS 0x00000000ef700000, 0x00000000ef700000| Complete 
| 248|0x00000000ef800000, 0x00000000ef900000, 0x00000000ef900000|100%| E|CS|TAMS 0x00000000ef800000, 0x00000000ef800000| Complete 
| 249|0x00000000ef900000, 0x00000000efa00000, 0x00000000efa00000|100%| E|CS|TAMS 0x00000000ef900000, 0x00000000ef900000| Complete 
| 250|0x00000000efa00000, 0x00000000efb00000, 0x00000000efb00000|100%| E|CS|TAMS 0x00000000efa00000, 0x00000000efa00000| Complete 
| 251|0x00000000efb00000, 0x00000000efc00000, 0x00000000efc00000|100%| E|CS|TAMS 0x00000000efb00000, 0x00000000efb00000| Complete 
| 252|0x00000000efc00000, 0x00000000efd00000, 0x00000000efd00000|100%| E|CS|TAMS 0x00000000efc00000, 0x00000000efc00000| Complete 
| 253|0x00000000efd00000, 0x00000000efe00000, 0x00000000efe00000|100%| E|CS|TAMS 0x00000000efd00000, 0x00000000efd00000| Complete 
| 254|0x00000000efe00000, 0x00000000eff00000, 0x00000000eff00000|100%| E|CS|TAMS 0x00000000efe00000, 0x00000000efe00000| Complete 
| 255|0x00000000eff00000, 0x00000000f0000000, 0x00000000f0000000|100%| E|CS|TAMS 0x00000000eff00000, 0x00000000eff00000| Complete 

Card table byte_map: [0x00000258df4d0000,0x00000258df5d0000] _byte_map_base: 0x00000258dedd0000

Marking Bits (Prev, Next): (CMBitMap*) 0x00000258c69598c0, (CMBitMap*) 0x00000258c6959900
 Prev Bits: [0x00000258df6d0000, 0x00000258dfed0000)
 Next Bits: [0x00000258dfed0000, 0x00000258e06d0000)

Polling page: 0x00000258c6a10000

Metaspace:

Usage:
  Non-class:     45.16 MB used.
      Class:      7.19 MB used.
       Both:     52.35 MB used.

Virtual space:
  Non-class space:       48.00 MB reserved,      45.50 MB ( 95%) committed,  6 nodes.
      Class space:      208.00 MB reserved,       7.44 MB (  4%) committed,  1 nodes.
             Both:      256.00 MB reserved,      52.94 MB ( 21%) committed. 

Chunk freelists:
   Non-Class:  2.48 MB
       Class:  584.00 KB
        Both:  3.05 MB

MaxMetaspaceSize: 256.00 MB
CompressedClassSpaceSize: 208.00 MB
Initial GC threshold: 21.00 MB
Current GC threshold: 59.06 MB
CDS: on
MetaspaceReclaimPolicy: balanced
 - commit_granule_bytes: 65536.
 - commit_granule_words: 8192.
 - virtual_space_node_default_size: 1048576.
 - enlarge_chunks_in_place: 1.
 - new_chunks_are_fully_committed: 0.
 - uncommit_free_chunks: 1.
 - use_allocation_guard: 0.
 - handle_deallocations: 1.


Internal statistics:

num_allocs_failed_limit: 6.
num_arena_births: 704.
num_arena_deaths: 0.
num_vsnodes_births: 7.
num_vsnodes_deaths: 0.
num_space_committed: 847.
num_space_uncommitted: 0.
num_chunks_returned_to_freelist: 6.
num_chunks_taken_from_freelist: 2863.
num_chunk_merges: 6.
num_chunk_splits: 1823.
num_chunks_enlarged: 1118.
num_purges: 0.
num_inconsistent_stats: 0.

CodeHeap 'non-profiled nmethods': size=120000Kb used=3662Kb max_used=3662Kb free=116337Kb
 bounds [0x00000258d7440000, 0x00000258d77e0000, 0x00000258de970000]
CodeHeap 'profiled nmethods': size=120000Kb used=14063Kb max_used=14063Kb free=105936Kb
 bounds [0x00000258cff10000, 0x00000258d0cd0000, 0x00000258d7440000]
CodeHeap 'non-nmethods': size=5760Kb used=2334Kb max_used=2418Kb free=3425Kb
 bounds [0x00000258cf970000, 0x00000258cfbe0000, 0x00000258cff10000]
 total_blobs=7670 nmethods=6817 adapters=765
 compilation: enabled
              stopped_count=0, restarted_count=0
 full_count=0

Compilation events (20 events):
Event: 12.130 Thread 0x00000258e3132cb0 nmethod 7594 0x00000258d77c7790 code [0x00000258d77c7920, 0x00000258d77c79f8]
Event: 12.137 Thread 0x00000258e3132cb0 7596       3       org.gradle.internal.model.CalculatedValueContainer::finalizeIfNotAlready (6 bytes)
Event: 12.137 Thread 0x00000258e3132cb0 nmethod 7596 0x00000258d0ca3e90 code [0x00000258d0ca4040, 0x00000258d0ca4248]
Event: 12.137 Thread 0x00000258e3132cb0 7597       3       org.gradle.internal.model.CalculatedValueContainer::finalizeIfNotAlready (17 bytes)
Event: 12.137 Thread 0x00000258e3132cb0 nmethod 7597 0x00000258d0ca4390 code [0x00000258d0ca4540, 0x00000258d0ca4708]
Event: 12.137 Thread 0x00000258e3132cb0 7598       1       org.gradle.api.internal.artifacts.ivyservice.ivyresolve.CachingModuleComponentRepository::access$1300 (5 bytes)
Event: 12.138 Thread 0x00000258e3132cb0 nmethod 7598 0x00000258d77c7a90 code [0x00000258d77c7c20, 0x00000258d77c7cd8]
Event: 12.138 Thread 0x00000258e3132cb0 7599       3       org.gradle.internal.model.CalculatedValueContainer::getValue (35 bytes)
Event: 12.139 Thread 0x00000258e3132cb0 nmethod 7599 0x00000258d0ca4810 code [0x00000258d0ca4a80, 0x00000258d0ca55f8]
Event: 12.139 Thread 0x00000258e3132cb0 7600       1       io.spring.gradle.dependencymanagement.org.apache.maven.model.DistributionManagement::getStatus (5 bytes)
Event: 12.140 Thread 0x00000258e3132cb0 nmethod 7600 0x00000258d77c7d90 code [0x00000258d77c7f20, 0x00000258d77c7ff8]
Event: 12.140 Thread 0x00000258e3132cb0 7602       3       org.gradle.util.internal.CollectionUtils::collect (44 bytes)
Event: 12.140 Thread 0x00000258e7ebd890 nmethod 7512 0x00000258d77c8090 code [0x00000258d77c83a0, 0x00000258d77cae70]
Event: 12.140 Thread 0x00000258e7ebd890 7482  s    4       java.lang.StringBuffer::append (13 bytes)
Event: 12.141 Thread 0x00000258e3132cb0 nmethod 7602 0x00000258d0ca5990 code [0x00000258d0ca5b80, 0x00000258d0ca6128]
Event: 12.141 Thread 0x00000258e3132cb0 7601       3       org.gradle.util.internal.CollectionUtils::collect (53 bytes)
Event: 12.141 Thread 0x00000258e3132cb0 nmethod 7601 0x00000258d0ca6310 code [0x00000258d0ca6540, 0x00000258d0ca6f78]
Event: 12.141 Thread 0x00000258e3132cb0 7603       3       java.util.Spliterators$IteratorSpliterator::forEachRemaining (58 bytes)
Event: 12.142 Thread 0x00000258e3132cb0 nmethod 7603 0x00000258d0ca7210 code [0x00000258d0ca7400, 0x00000258d0ca7938]
Event: 12.142 Thread 0x00000258e3132cb0 7604       3       org.gradle.internal.Actions::doesSomething (13 bytes)

GC Heap History (14 events):
Event: 0.929 GC heap before
{Heap before GC invocations=0 (full 0):
 garbage-first heap   total 262144K, used 28672K [0x00000000e0000000, 0x0000000100000000)
  region size 1024K, 23 young (23552K), 0 survivors (0K)
 Metaspace       used 3006K, committed 3200K, reserved 221184K
  class space    used 378K, committed 448K, reserved 212992K
}
Event: 0.935 GC heap after
{Heap after GC invocations=1 (full 0):
 garbage-first heap   total 262144K, used 9216K [0x00000000e0000000, 0x0000000100000000)
  region size 1024K, 3 young (3072K), 3 survivors (3072K)
 Metaspace       used 3006K, committed 3200K, reserved 221184K
  class space    used 378K, committed 448K, reserved 212992K
}
Event: 1.398 GC heap before
{Heap before GC invocations=1 (full 0):
 garbage-first heap   total 262144K, used 38912K [0x00000000e0000000, 0x0000000100000000)
  region size 1024K, 31 young (31744K), 3 survivors (3072K)
 Metaspace       used 3913K, committed 4096K, reserved 221184K
  class space    used 474K, committed 576K, reserved 212992K
}
Event: 1.402 GC heap after
{Heap after GC invocations=2 (full 0):
 garbage-first heap   total 262144K, used 13230K [0x00000000e0000000, 0x0000000100000000)
  region size 1024K, 4 young (4096K), 4 survivors (4096K)
 Metaspace       used 3913K, committed 4096K, reserved 221184K
  class space    used 474K, committed 576K, reserved 212992K
}
Event: 4.509 GC heap before
{Heap before GC invocations=2 (full 0):
 garbage-first heap   total 262144K, used 132014K [0x00000000e0000000, 0x0000000100000000)
  region size 1024K, 107 young (109568K), 4 survivors (4096K)
 Metaspace       used 21180K, committed 21504K, reserved 237568K
  class space    used 3156K, committed 3328K, reserved 212992K
}
Event: 4.522 GC heap after
{Heap after GC invocations=3 (full 0):
 garbage-first heap   total 262144K, used 38477K [0x00000000e0000000, 0x0000000100000000)
  region size 1024K, 14 young (14336K), 14 survivors (14336K)
 Metaspace       used 21180K, committed 21504K, reserved 237568K
  class space    used 3156K, committed 3328K, reserved 212992K
}
Event: 6.840 GC heap before
{Heap before GC invocations=4 (full 0):
 garbage-first heap   total 262144K, used 163405K [0x00000000e0000000, 0x0000000100000000)
  region size 1024K, 122 young (124928K), 14 survivors (14336K)
 Metaspace       used 35698K, committed 36096K, reserved 245760K
  class space    used 4876K, committed 5056K, reserved 212992K
}
Event: 6.860 GC heap after
{Heap after GC invocations=5 (full 0):
 garbage-first heap   total 262144K, used 63054K [0x00000000e0000000, 0x0000000100000000)
  region size 1024K, 20 young (20480K), 20 survivors (20480K)
 Metaspace       used 35698K, committed 36096K, reserved 245760K
  class space    used 4876K, committed 5056K, reserved 212992K
}
Event: 9.724 GC heap before
{Heap before GC invocations=6 (full 0):
 garbage-first heap   total 262144K, used 195150K [0x00000000e0000000, 0x0000000100000000)
  region size 1024K, 144 young (147456K), 20 survivors (20480K)
 Metaspace       used 46533K, committed 47104K, reserved 253952K
  class space    used 6560K, committed 6784K, reserved 212992K
}
Event: 9.751 GC heap after
{Heap after GC invocations=7 (full 0):
 garbage-first heap   total 262144K, used 79471K [0x00000000e0000000, 0x0000000100000000)
  region size 1024K, 13 young (13312K), 13 survivors (13312K)
 Metaspace       used 46533K, committed 47104K, reserved 253952K
  class space    used 6560K, committed 6784K, reserved 212992K
}
Event: 9.760 GC heap before
{Heap before GC invocations=7 (full 0):
 garbage-first heap   total 262144K, used 80495K [0x00000000e0000000, 0x0000000100000000)
  region size 1024K, 14 young (14336K), 13 survivors (13312K)
 Metaspace       used 46534K, committed 47104K, reserved 253952K
  class space    used 6560K, committed 6784K, reserved 212992K
}
Event: 9.773 GC heap after
{Heap after GC invocations=8 (full 0):
 garbage-first heap   total 262144K, used 81240K [0x00000000e0000000, 0x0000000100000000)
  region size 1024K, 2 young (2048K), 2 survivors (2048K)
 Metaspace       used 46534K, committed 47104K, reserved 253952K
  class space    used 6560K, committed 6784K, reserved 212992K
}
Event: 11.805 GC heap before
{Heap before GC invocations=8 (full 0):
 garbage-first heap   total 262144K, used 218456K [0x00000000e0000000, 0x0000000100000000)
  region size 1024K, 114 young (116736K), 2 survivors (2048K)
 Metaspace       used 53418K, committed 54016K, reserved 262144K
  class space    used 7363K, committed 7616K, reserved 212992K
}
Event: 11.817 GC heap after
{Heap after GC invocations=9 (full 0):
 garbage-first heap   total 262144K, used 118309K [0x00000000e0000000, 0x0000000100000000)
  region size 1024K, 15 young (15360K), 15 survivors (15360K)
 Metaspace       used 53418K, committed 54016K, reserved 262144K
  class space    used 7363K, committed 7616K, reserved 212992K
}

Deoptimization events (20 events):
Event: 11.364 Thread 0x00000258e4cb0b00 Uncommon trap: trap_request=0xffffff45 fr.pc=0x00000258d7492308 relative=0x0000000000000088
Event: 11.364 Thread 0x00000258e4cb0b00 Uncommon trap: reason=unstable_if action=reinterpret pc=0x00000258d7492308 method=io.spring.gradle.dependencymanagement.org.codehaus.plexus.util.xml.pull.MXParser.isS(C)Z @ 21 c2
Event: 11.364 Thread 0x00000258e4cb0b00 DEOPT PACKING pc=0x00000258d7492308 sp=0x0000008be6af8ee0
Event: 11.364 Thread 0x00000258e4cb0b00 DEOPT UNPACKING pc=0x00000258cf9c23a3 sp=0x0000008be6af8e78 mode 2
Event: 11.427 Thread 0x00000258e4cb0b00 Uncommon trap: trap_request=0xffffff45 fr.pc=0x00000258d7488600 relative=0x00000000000005c0
Event: 11.427 Thread 0x00000258e4cb0b00 Uncommon trap: reason=unstable_if action=reinterpret pc=0x00000258d7488600 method=java.lang.String.regionMatches(ZILjava/lang/String;II)Z @ 21 c2
Event: 11.427 Thread 0x00000258e4cb0b00 DEOPT PACKING pc=0x00000258d7488600 sp=0x0000008be6af9300
Event: 11.427 Thread 0x00000258e4cb0b00 DEOPT UNPACKING pc=0x00000258cf9c23a3 sp=0x0000008be6af92a8 mode 2
Event: 11.434 Thread 0x00000258e4cb0b00 DEOPT PACKING pc=0x00000258d086c359 sp=0x0000008be6af6dc0
Event: 11.434 Thread 0x00000258e4cb0b00 DEOPT UNPACKING pc=0x00000258cf9c2b43 sp=0x0000008be6af62b8 mode 0
Event: 11.642 Thread 0x00000258e4cb0b00 DEOPT PACKING pc=0x00000258d086c359 sp=0x0000008be6af7d20
Event: 11.642 Thread 0x00000258e4cb0b00 DEOPT UNPACKING pc=0x00000258cf9c2b43 sp=0x0000008be6af7218 mode 0
Event: 11.667 Thread 0x00000258e4cb0b00 DEOPT PACKING pc=0x00000258cff97f83 sp=0x0000008be6af7810
Event: 11.667 Thread 0x00000258e4cb0b00 DEOPT UNPACKING pc=0x00000258cf9c2b43 sp=0x0000008be6af6d48 mode 0
Event: 11.940 Thread 0x00000258e4cb0b00 Uncommon trap: trap_request=0xffffff45 fr.pc=0x00000258d75caa70 relative=0x0000000000000950
Event: 11.940 Thread 0x00000258e4cb0b00 Uncommon trap: reason=unstable_if action=reinterpret pc=0x00000258d75caa70 method=io.spring.gradle.dependencymanagement.org.codehaus.plexus.util.xml.pull.MXParser.nextImpl()I @ 871 c2
Event: 11.940 Thread 0x00000258e4cb0b00 DEOPT PACKING pc=0x00000258d75caa70 sp=0x0000008be6af8ab0
Event: 11.940 Thread 0x00000258e4cb0b00 DEOPT UNPACKING pc=0x00000258cf9c23a3 sp=0x0000008be6af8a48 mode 2
Event: 11.953 Thread 0x00000258e58f2170 DEOPT PACKING pc=0x00000258cffc09e7 sp=0x0000008be81fe460
Event: 11.953 Thread 0x00000258e58f2170 DEOPT UNPACKING pc=0x00000258cf9c2b43 sp=0x0000008be81fd960 mode 0

Classes unloaded (0 events):
No events

Classes redefined (0 events):
No events

Internal exceptions (20 events):
Event: 10.015 Thread 0x00000258e4cb0b00 Exception <a 'java/lang/ClassNotFoundException'{0x00000000ed94f4f0}: org/gradle/api/tasks/bundling/TarCustomizer> (0x00000000ed94f4f0) 
thrown [t:\workspace\open\src\hotspot\share\classfile\systemDictionary.cpp, line 256]
Event: 10.016 Thread 0x00000258e4cb0b00 Exception <a 'java/lang/ClassNotFoundException'{0x00000000ed97a198}: org/gradle/api/tasks/bundling/Tar_DecoratedCustomizer> (0x00000000ed97a198) 
thrown [t:\workspace\open\src\hotspot\share\classfile\systemDictionary.cpp, line 256]
Event: 10.285 Thread 0x00000258e58f5b30 Exception <a 'java/lang/NoSuchMethodError'{0x00000000eff07be8}: static Lorg/gradle/tooling/internal/provider/PhasedBuildActionResult;.<clinit>()V> (0x00000000eff07be8) 
thrown [t:\workspace\open\src\hotspot\share\prims\jni.cpp, line 1107]
Event: 10.286 Thread 0x00000258e58f5b30 Exception <a 'java/lang/NoSuchMethodError'{0x00000000eff0f248}: static Lorg/gradle/tooling/internal/provider/serialization/SerializedPayload;.<clinit>()V> (0x00000000eff0f248) 
thrown [t:\workspace\open\src\hotspot\share\prims\jni.cpp, line 1107]
Event: 10.289 Thread 0x00000258e58f5b30 Exception <a 'java/lang/NoSuchMethodError'{0x00000000ecc82b98}: static [B.<clinit>()V> (0x00000000ecc82b98) 
thrown [t:\workspace\open\src\hotspot\share\prims\jni.cpp, line 1107]
Event: 10.389 Thread 0x00000258e58f5b30 Exception <a 'java/lang/NoSuchMethodError'{0x00000000ecc8f990}: static Lorg/gradle/internal/build/event/types/DefaultTaskStartedProgressEvent;.<clinit>()V> (0x00000000ecc8f990) 
thrown [t:\workspace\open\src\hotspot\share\prims\jni.cpp, line 1107]
Event: 10.390 Thread 0x00000258e58f5b30 Exception <a 'java/lang/NoSuchMethodError'{0x00000000ecc90ee0}: static Lorg/gradle/internal/build/event/types/AbstractProgressEvent;.<clinit>()V> (0x00000000ecc90ee0) 
thrown [t:\workspace\open\src\hotspot\share\prims\jni.cpp, line 1107]
Event: 10.391 Thread 0x00000258e58f5b30 Exception <a 'java/lang/NoSuchMethodError'{0x00000000ec8db968}: static Lorg/gradle/internal/build/event/types/DefaultTaskDescriptor;.<clinit>()V> (0x00000000ec8db968) 
thrown [t:\workspace\open\src\hotspot\share\prims\jni.cpp, line 1107]
Event: 10.392 Thread 0x00000258e58f5b30 Exception <a 'java/lang/NoSuchMethodError'{0x00000000ec8e45b8}: static Lorg/gradle/internal/operations/OperationIdentifier;.<clinit>()V> (0x00000000ec8e45b8) 
thrown [t:\workspace\open\src\hotspot\share\prims\jni.cpp, line 1107]
Event: 10.394 Thread 0x00000258e58f5b30 Exception <a 'java/lang/NoSuchMethodError'{0x00000000ec8eca50}: static Lorg/gradle/internal/build/event/types/DefaultTaskFinishedProgressEvent;.<clinit>()V> (0x00000000ec8eca50) 
thrown [t:\workspace\open\src\hotspot\share\prims\jni.cpp, line 1107]
Event: 10.397 Thread 0x00000258e58f5b30 Exception <a 'java/lang/NoSuchMethodError'{0x00000000ec702110}: static Lorg/gradle/internal/build/event/types/DefaultTaskSuccessResult;.<clinit>()V> (0x00000000ec702110) 
thrown [t:\workspace\open\src\hotspot\share\prims\jni.cpp, line 1107]
Event: 10.397 Thread 0x00000258e58f5b30 Exception <a 'java/lang/NoSuchMethodError'{0x00000000ec703380}: static Lorg/gradle/internal/build/event/types/AbstractTaskResult;.<clinit>()V> (0x00000000ec703380) 
thrown [t:\workspace\open\src\hotspot\share\prims\jni.cpp, line 1107]
Event: 10.397 Thread 0x00000258e58f5b30 Exception <a 'java/lang/NoSuchMethodError'{0x00000000ec704a28}: static Lorg/gradle/internal/build/event/types/AbstractResult;.<clinit>()V> (0x00000000ec704a28) 
thrown [t:\workspace\open\src\hotspot\share\prims\jni.cpp, line 1107]
Event: 10.417 Thread 0x00000258e4cb0b00 Exception <a 'java/lang/ClassNotFoundException'{0x00000000ec587df0}: org/gradle/api/internal/tasks/DefaultSourceSetContainer_DecoratedBeanInfo> (0x00000000ec587df0) 
thrown [t:\workspace\open\src\hotspot\share\classfile\systemDictionary.cpp, line 256]
Event: 10.418 Thread 0x00000258e4cb0b00 Exception <a 'java/lang/ClassNotFoundException'{0x00000000ec591c48}: org/gradle/api/internal/tasks/DefaultSourceSetContainerBeanInfo> (0x00000000ec591c48) 
thrown [t:\workspace\open\src\hotspot\share\classfile\systemDictionary.cpp, line 256]
Event: 10.418 Thread 0x00000258e4cb0b00 Exception <a 'java/lang/ClassNotFoundException'{0x00000000ec59bac0}: org/gradle/api/internal/tasks/DefaultSourceSetContainerCustomizer> (0x00000000ec59bac0) 
thrown [t:\workspace\open\src\hotspot\share\classfile\systemDictionary.cpp, line 256]
Event: 10.420 Thread 0x00000258e4cb0b00 Exception <a 'java/lang/ClassNotFoundException'{0x00000000ec5b1058}: org/gradle/api/internal/tasks/DefaultSourceSetContainer_DecoratedCustomizer> (0x00000000ec5b1058) 
thrown [t:\workspace\open\src\hotspot\share\classfile\systemDictionary.cpp, line 256]
Event: 10.432 Thread 0x00000258e4cb0b00 Exception <a 'java/lang/ClassNotFoundException'{0x00000000ec43c360}: org/jetbrains/plugins/gradle/tooling/tasks/DependenciesReport$ProjectNameFunctionBeanInfo> (0x00000000ec43c360) 
thrown [t:\workspace\open\src\hotspot\share\classfile\systemDictionary.cpp, line 256]
Event: 10.432 Thread 0x00000258e4cb0b00 Exception <a 'java/lang/ClassNotFoundException'{0x00000000ec4449b8}: org/jetbrains/plugins/gradle/tooling/tasks/DependenciesReport$ProjectNameFunctionCustomizer> (0x00000000ec4449b8) 
thrown [t:\workspace\open\src\hotspot\share\classfile\systemDictionary.cpp, line 256]
Event: 10.541 Thread 0x00000258e4cb0b00 Implicit null exception at 0x00000258d7489a72 to 0x00000258d748a0ac

VM Operations (20 events):
Event: 11.100 Executing VM operation: ICBufferFull
Event: 11.100 Executing VM operation: ICBufferFull done
Event: 11.101 Executing VM operation: ICBufferFull
Event: 11.101 Executing VM operation: ICBufferFull done
Event: 11.103 Executing VM operation: ICBufferFull
Event: 11.103 Executing VM operation: ICBufferFull done
Event: 11.104 Executing VM operation: ICBufferFull
Event: 11.104 Executing VM operation: ICBufferFull done
Event: 11.105 Executing VM operation: ICBufferFull
Event: 11.105 Executing VM operation: ICBufferFull done
Event: 11.158 Executing VM operation: ICBufferFull
Event: 11.158 Executing VM operation: ICBufferFull done
Event: 11.515 Executing VM operation: HandshakeAllThreads
Event: 11.515 Executing VM operation: HandshakeAllThreads done
Event: 11.560 Executing VM operation: ICBufferFull
Event: 11.560 Executing VM operation: ICBufferFull done
Event: 11.805 Executing VM operation: G1CollectForAllocation
Event: 11.817 Executing VM operation: G1CollectForAllocation done
Event: 11.992 Executing VM operation: HandshakeAllThreads
Event: 11.993 Executing VM operation: HandshakeAllThreads done

Events (20 events):
Event: 11.263 Thread 0x00000258e7c34c10 Thread added: 0x00000258e7c34c10
Event: 11.277 Thread 0x00000258e7c35a80 Thread added: 0x00000258e7c35a80
Event: 11.288 Thread 0x00000258e7c308b0 Thread added: 0x00000258e7c308b0
Event: 11.314 Thread 0x00000258e7c36420 Thread added: 0x00000258e7c36420
Event: 11.329 Thread 0x00000258e5fc9f70 Thread added: 0x00000258e5fc9f70
Event: 11.345 Thread 0x00000258e5fc78f0 Thread added: 0x00000258e5fc78f0
Event: 11.362 Thread 0x00000258e5fc65b0 Thread added: 0x00000258e5fc65b0
Event: 11.375 Thread 0x00000258e5fc6a80 Thread added: 0x00000258e5fc6a80
Event: 11.386 Thread 0x00000258e5fcade0 Thread added: 0x00000258e5fcade0
Event: 11.398 Thread 0x00000258e5fcd460 Thread added: 0x00000258e5fcd460
Event: 11.411 Thread 0x00000258e5fc95d0 Thread added: 0x00000258e5fc95d0
Event: 11.424 Thread 0x00000258e5fcb2b0 Thread added: 0x00000258e5fcb2b0
Event: 11.436 Thread 0x00000258e5fc60e0 Thread added: 0x00000258e5fc60e0
Event: 11.449 Thread 0x00000258e5fcd930 Thread added: 0x00000258e5fcd930
Event: 11.463 Thread 0x00000258e5fc6f50 Thread added: 0x00000258e5fc6f50
Event: 11.475 Thread 0x00000258e5fc8760 Thread added: 0x00000258e5fc8760
Event: 11.511 Thread 0x00000258e5fc7420 Thread added: 0x00000258e5fc7420
Event: 11.529 Thread 0x00000258e5fcb780 Thread added: 0x00000258e5fcb780
Event: 11.542 Thread 0x00000258e5fc9aa0 Thread added: 0x00000258e5fc9aa0
Event: 11.555 Thread 0x00000258e5fccac0 Thread added: 0x00000258e5fccac0


Dynamic libraries:
0x00007ff67e630000 - 0x00007ff67e63e000 	C:\Users\sai teja\.jdks\openjdk-17.0.2\bin\java.exe
0x00007ffacf510000 - 0x00007ffacf708000 	C:\windows\SYSTEM32\ntdll.dll
0x00007ffacdcb0000 - 0x00007ffacdd6f000 	C:\windows\System32\KERNEL32.DLL
0x00007ffacd010000 - 0x00007ffacd2ea000 	C:\windows\System32\KERNELBASE.dll
0x00007ffacd380000 - 0x00007ffacd480000 	C:\windows\System32\ucrtbase.dll
0x00007ffab5490000 - 0x00007ffab54a8000 	C:\Users\sai teja\.jdks\openjdk-17.0.2\bin\jli.dll
0x00007ffaabeb0000 - 0x00007ffaabeca000 	C:\Users\sai teja\.jdks\openjdk-17.0.2\bin\VCRUNTIME140.dll
0x00007fface0a0000 - 0x00007fface23d000 	C:\windows\System32\USER32.dll
0x00007ffaccc20000 - 0x00007ffaccc42000 	C:\windows\System32\win32u.dll
0x00007fface070000 - 0x00007fface09b000 	C:\windows\System32\GDI32.dll
0x00007ffaa7870000 - 0x00007ffaa7b0a000 	C:\windows\WinSxS\amd64_microsoft.windows.common-controls_6595b64144ccf1df_6.0.19041.1110_none_60b5254171f9507e\COMCTL32.dll
0x00007ffaccc50000 - 0x00007ffaccd60000 	C:\windows\System32\gdi32full.dll
0x00007ffacdd70000 - 0x00007ffacde0e000 	C:\windows\System32\msvcrt.dll
0x00007ffacd480000 - 0x00007ffacd51d000 	C:\windows\System32\msvcp_win.dll
0x00007ffacef60000 - 0x00007ffacef90000 	C:\windows\System32\IMM32.DLL
0x00007ffab9bb0000 - 0x00007ffab9bbc000 	C:\Users\sai teja\.jdks\openjdk-17.0.2\bin\vcruntime140_1.dll
0x00007ffa9bb20000 - 0x00007ffa9bbad000 	C:\Users\sai teja\.jdks\openjdk-17.0.2\bin\msvcp140.dll
0x00007ffa5bb70000 - 0x00007ffa5c731000 	C:\Users\sai teja\.jdks\openjdk-17.0.2\bin\server\jvm.dll
0x00007fface670000 - 0x00007fface71e000 	C:\windows\System32\ADVAPI32.dll
0x00007ffacd570000 - 0x00007ffacd60c000 	C:\windows\System32\sechost.dll
0x00007ffacf3a0000 - 0x00007ffacf4c6000 	C:\windows\System32\RPCRT4.dll
0x00007ffacf390000 - 0x00007ffacf398000 	C:\windows\System32\PSAPI.DLL
0x00007ffacb970000 - 0x00007ffacb97a000 	C:\windows\SYSTEM32\VERSION.dll
0x00007ffaa71a0000 - 0x00007ffaa71a9000 	C:\windows\SYSTEM32\WSOCK32.dll
0x00007ffaac290000 - 0x00007ffaac2b7000 	C:\windows\SYSTEM32\WINMM.dll
0x00007fface600000 - 0x00007fface66b000 	C:\windows\System32\WS2_32.dll
0x00007ffacb920000 - 0x00007ffacb932000 	C:\windows\SYSTEM32\kernel.appcore.dll
0x00007ffab9440000 - 0x00007ffab944a000 	C:\Users\sai teja\.jdks\openjdk-17.0.2\bin\jimage.dll
0x00007ffacaff0000 - 0x00007ffacb1d4000 	C:\windows\SYSTEM32\DBGHELP.DLL
0x00007ffab8e90000 - 0x00007ffab8ec4000 	C:\windows\SYSTEM32\dbgcore.DLL
0x00007ffacd2f0000 - 0x00007ffacd372000 	C:\windows\System32\bcryptPrimitives.dll
0x00007ffa9e020000 - 0x00007ffa9e045000 	C:\Users\sai teja\.jdks\openjdk-17.0.2\bin\java.dll
0x00007ffa8fda0000 - 0x00007ffa8fe76000 	C:\Users\sai teja\.jdks\openjdk-17.0.2\bin\jsvml.dll
0x00007fface720000 - 0x00007ffacee64000 	C:\windows\System32\SHELL32.dll
0x00007ffaca780000 - 0x00007ffacaf13000 	C:\windows\SYSTEM32\windows.storage.dll
0x00007fface2a0000 - 0x00007fface5f4000 	C:\windows\System32\combase.dll
0x00007ffacc4c0000 - 0x00007ffacc4ee000 	C:\windows\SYSTEM32\Wldp.dll
0x00007ffacdc00000 - 0x00007ffacdcad000 	C:\windows\System32\SHCORE.dll
0x00007ffacdeb0000 - 0x00007ffacdf05000 	C:\windows\System32\shlwapi.dll
0x00007ffaccb60000 - 0x00007ffaccb7f000 	C:\windows\SYSTEM32\profapi.dll
0x00007ffaa98c0000 - 0x00007ffaa98d9000 	C:\Users\sai teja\.jdks\openjdk-17.0.2\bin\net.dll
0x00007ffac1870000 - 0x00007ffac197a000 	C:\windows\SYSTEM32\WINHTTP.dll
0x00007ffacc2a0000 - 0x00007ffacc30a000 	C:\windows\system32\mswsock.dll
0x00007ffaa9820000 - 0x00007ffaa9836000 	C:\Users\sai teja\.jdks\openjdk-17.0.2\bin\nio.dll
0x00007ffaa7260000 - 0x00007ffaa7278000 	C:\Users\sai teja\.jdks\openjdk-17.0.2\bin\zip.dll
0x00007ffab8860000 - 0x00007ffab8870000 	C:\Users\sai teja\.jdks\openjdk-17.0.2\bin\verify.dll
0x00007ffaabc40000 - 0x00007ffaabc67000 	C:\Users\sai teja\.gradle\native\e1d6ef7f7dcc3fd88c89a11ec53ec762bb8ba0a96d01ffa2cd45eb1d1d8dd5c5\windows-amd64\native-platform.dll
0x00007ffa894e0000 - 0x00007ffa89624000 	C:\Users\sai teja\.gradle\native\5664cfc778a61ccfe75a443a1ab52a65af34e5dc3c78e0209fed803814484fcb\windows-amd64\native-platform-file-events.dll
0x00007ffab7850000 - 0x00007ffab7859000 	C:\Users\sai teja\.jdks\openjdk-17.0.2\bin\management.dll
0x00007ffaabc30000 - 0x00007ffaabc3b000 	C:\Users\sai teja\.jdks\openjdk-17.0.2\bin\management_ext.dll
0x00007ffacc500000 - 0x00007ffacc518000 	C:\windows\SYSTEM32\CRYPTSP.dll
0x00007ffacbbe0000 - 0x00007ffacbc14000 	C:\windows\system32\rsaenh.dll
0x00007ffaccfe0000 - 0x00007ffacd007000 	C:\windows\System32\bcrypt.dll
0x00007ffaccb20000 - 0x00007ffaccb4e000 	C:\windows\SYSTEM32\USERENV.dll
0x00007ffacc430000 - 0x00007ffacc43c000 	C:\windows\SYSTEM32\CRYPTBASE.dll
0x00007ffacbfb0000 - 0x00007ffacbfec000 	C:\windows\SYSTEM32\IPHLPAPI.DLL
0x00007ffacf320000 - 0x00007ffacf328000 	C:\windows\System32\NSI.dll
0x00007ffac31a0000 - 0x00007ffac31b7000 	C:\windows\SYSTEM32\dhcpcsvc6.DLL
0x00007ffac2f30000 - 0x00007ffac2f4d000 	C:\windows\SYSTEM32\dhcpcsvc.DLL
0x00007ffacbff0000 - 0x00007ffacc0bb000 	C:\windows\SYSTEM32\DNSAPI.dll
0x00007ffaaa6e0000 - 0x00007ffaaa6ee000 	C:\Users\sai teja\.jdks\openjdk-17.0.2\bin\sunmscapi.dll
0x00007ffaccd60000 - 0x00007ffacceb6000 	C:\windows\System32\CRYPT32.dll
0x00007ffacc680000 - 0x00007ffacc6a8000 	C:\windows\SYSTEM32\ncrypt.dll
0x00007ffacc640000 - 0x00007ffacc67b000 	C:\windows\SYSTEM32\NTASN1.dll
0x00007ffaaa290000 - 0x00007ffaaa297000 	C:\windows\system32\wshunix.dll

dbghelp: loaded successfully - version: 4.0.5 - missing functions: none
symbol engine: initialized successfully - sym options: 0x614 - pdb path: .;C:\Users\sai teja\.jdks\openjdk-17.0.2\bin;C:\windows\SYSTEM32;C:\windows\WinSxS\amd64_microsoft.windows.common-controls_6595b64144ccf1df_6.0.19041.1110_none_60b5254171f9507e;C:\Users\sai teja\.jdks\openjdk-17.0.2\bin\server;C:\Users\sai teja\.gradle\native\e1d6ef7f7dcc3fd88c89a11ec53ec762bb8ba0a96d01ffa2cd45eb1d1d8dd5c5\windows-amd64;C:\Users\sai teja\.gradle\native\5664cfc778a61ccfe75a443a1ab52a65af34e5dc3c78e0209fed803814484fcb\windows-amd64

VM Arguments:
jvm_args: --add-opens=java.base/java.util=ALL-UNNAMED --add-opens=java.base/java.lang=ALL-UNNAMED --add-opens=java.base/java.lang.invoke=ALL-UNNAMED --add-opens=java.base/java.util=ALL-UNNAMED --add-opens=java.prefs/java.util.prefs=ALL-UNNAMED --add-opens=java.prefs/java.util.prefs=ALL-UNNAMED --add-opens=java.base/java.nio.charset=ALL-UNNAMED --add-opens=java.base/java.net=ALL-UNNAMED --add-opens=java.base/java.util.concurrent.atomic=ALL-UNNAMED -XX:MaxMetaspaceSize=256m -XX:+HeapDumpOnOutOfMemoryError -Xms256m -Xmx512m -Dfile.encoding=windows-1252 -Duser.country=IN -Duser.language=en -Duser.variant 
java_command: org.gradle.launcher.daemon.bootstrap.GradleDaemon 7.3
java_class_path (initial): C:\Users\sai teja\.gradle\wrapper\dists\gradle-7.3-bin\ddwl0k7mt9g6ak16i1m905vyv\gradle-7.3\lib\gradle-launcher-7.3.jar
Launcher Type: SUN_STANDARD

[Global flags]
     intx CICompilerCount                          = 4                                         {product} {ergonomic}
   size_t CompressedClassSpaceSize                 = 218103808                                 {product} {ergonomic}
     uint ConcGCThreads                            = 2                                         {product} {ergonomic}
     uint G1ConcRefinementThreads                  = 8                                         {product} {ergonomic}
   size_t G1HeapRegionSize                         = 1048576                                   {product} {ergonomic}
    uintx GCDrainStackTargetSize                   = 64                                        {product} {ergonomic}
     bool HeapDumpOnOutOfMemoryError               = true                                   {manageable} {command line}
   size_t InitialHeapSize                          = 268435456                                 {product} {command line}
   size_t MarkStackSize                            = 4194304                                   {product} {ergonomic}
   size_t MaxHeapSize                              = 536870912                                 {product} {command line}
   size_t MaxMetaspaceSize                         = 268435456                                 {product} {command line}
   size_t MaxNewSize                               = 321912832                                 {product} {ergonomic}
   size_t MinHeapDeltaBytes                        = 1048576                                   {product} {ergonomic}
   size_t MinHeapSize                              = 268435456                                 {product} {command line}
    uintx NonNMethodCodeHeapSize                   = 5839372                                {pd product} {ergonomic}
    uintx NonProfiledCodeHeapSize                  = 122909434                              {pd product} {ergonomic}
    uintx ProfiledCodeHeapSize                     = 122909434                              {pd product} {ergonomic}
    uintx ReservedCodeCacheSize                    = 251658240                              {pd product} {ergonomic}
     bool SegmentedCodeCache                       = true                                      {product} {ergonomic}
   size_t SoftMaxHeapSize                          = 536870912                              {manageable} {ergonomic}
     bool UseCompressedClassPointers               = true                           {product lp64_product} {ergonomic}
     bool UseCompressedOops                        = true                           {product lp64_product} {ergonomic}
     bool UseG1GC                                  = true                                      {product} {ergonomic}
     bool UseLargePagesIndividualAllocation        = false                                  {pd product} {ergonomic}

Logging:
Log output configuration:
 #0: stdout all=warning uptime,level,tags
 #1: stderr all=off uptime,level,tags

Environment Variables:
JAVA_HOME=C:\Program Files\Java\jdk-17.0.5
PATH=C:\Program Files\Java\jdk-17.0.5\bin;D:\oraclexe\app\oracle\product\11.2.0\server\bin;C:\windows\system32;C:\windows;C:\windows\System32\Wbem;C:\windows\System32\WindowsPowerShell\v1.0\;C:\windows\System32\OpenSSH\;C:\Program Files\Java\jdk1.8.0_202\bin;C:\Program Files\nodejs\;C:\Program Files (x86)\dotnet\;C:\Program Files\Git\cmd;D:\Oracle\Java\jdk1.7.0_79\bin;D:\apache-maven-3.8.4\bin;C:\Program Files\Java\jdk-17.0.5\bin;;C:\Program Files\Docker\Docker\resources\bin;C:\Users\sai teja\AppData\Local\Microsoft\WindowsApps;C:\Users\sai teja\AppData\Roaming\npm;C:\Users\sai teja\AppData\Local\Programs\Microsoft VS Code\bin
USERNAME=sai teja
OS=Windows_NT
PROCESSOR_IDENTIFIER=Intel64 Family 6 Model 142 Stepping 12, GenuineIntel



---------------  S Y S T E M  ---------------

OS:
 Windows 10 , 64 bit Build 19041 (10.0.19041.2788)
OS uptime: 16 days 11:40 hours
Hyper-V role detected

CPU: total 8 (initial active 8) (4 cores per cpu, 2 threads per core) family 6 model 142 stepping 12 microcode 0xec, cx8, cmov, fxsr, ht, mmx, 3dnowpref, sse, sse2, sse3, ssse3, sse4.1, sse4.2, popcnt, lzcnt, tsc, tscinvbit, avx, avx2, aes, erms, clmul, bmi1, bmi2, adx, fma, vzeroupper, clflush, clflushopt, hv

Memory: 4k page, system-wide physical 8014M (436M free)
TotalPageFile size 32590M (AvailPageFile size 6M)
current process WorkingSet (physical memory assigned to process): 440M, peak: 440M
current process commit charge ("private bytes"): 495M, peak: 496M

vm_info: OpenJDK 64-Bit Server VM (17.0.2+8-86) for windows-amd64 JRE (17.0.2+8-86), built on Dec  7 2021 21:49:10 by "mach5one" with MS VC++ 16.8 / 16.9 (VS2019)

END.
